2025-10-18 22:08:51,744 - INFO - 日志系统初始化完成（训练模式），日志文件：force_models_20251018_220851/training_log.log
2025-10-18 22:08:51,744 - INFO - 模型保存目录：force_models_20251018_220851
2025-10-18 22:08:51,763 - INFO - 
====== 开始训练模式（使用cuda设备）======
2025-10-18 22:08:51,763 - INFO - === 训练超参数（全部来自全局宏定义） ===
2025-10-18 22:08:51,763 - INFO - MLP：隐藏层神经元(40, 20, 10) | 轮次300 | 学习率0.001 | 批次512
2025-10-18 22:08:51,763 - INFO - LSTM：输入维度4 | 隐藏维度64 | 层数2 | 轮次200 | 学习率0.0001 | 批次128 | 窗口50ms
2025-10-18 22:08:51,764 - INFO - 最小二乘：多项式度数4
2025-10-18 22:08:51,791 - INFO - 已读取train数据文件：C:/Users/Admin/Desktop/CubeMX_proj/Routine_acq_raw_data_8x8/8x8_data_calibration/aligned_data.csv，数据形状：(64811, 7)
2025-10-18 22:08:51,851 - INFO - LSTM时序数据构建完成：序列特征(64762, 50, 4)，序列目标(64762, 3)（窗口大小50）
2025-10-18 22:08:51,981 - INFO - 
====== 训练最小二乘模型 ======
2025-10-18 22:08:51,981 - INFO - 最小二乘多项式特征配置：度数=4
2025-10-18 22:08:51,994 - INFO - Fx-最小二乘 训练误差：MSE=0.077765 (N²)，RMSE=0.278864 N，R²=0.691956
2025-10-18 22:08:52,001 - INFO - Fy-最小二乘 训练误差：MSE=0.056537 (N²)，RMSE=0.237775 N，R²=0.734765
2025-10-18 22:08:52,007 - INFO - Fz-最小二乘 训练误差：MSE=0.544842 (N²)，RMSE=0.738134 N，R²=0.866543
2025-10-18 22:08:52,007 - INFO - 最小二乘模型训练完成
2025-10-18 22:08:52,008 - INFO - 
====== 训练MLP模型 ======
2025-10-18 22:08:52,008 - INFO - MLP模型配置：
2025-10-18 22:08:52,008 - INFO -   输入层维度：4（传感器数量）
2025-10-18 22:08:52,008 - INFO -   隐藏层数量：3层
2025-10-18 22:08:52,008 - INFO -   各层神经元数：(40, 20, 10)
2025-10-18 22:08:52,008 - INFO -   输出层维度：1（单个力分量）
2025-10-18 22:08:52,008 - INFO -   训练参数：epochs=300，batch_size=512，学习率=0.001
2025-10-18 22:08:56,128 - INFO -   Fx MLP：轮次10/300，标准化MSE=0.135795
2025-10-18 22:08:59,244 - INFO -   Fx MLP：轮次20/300，标准化MSE=0.089271
2025-10-18 22:09:02,376 - INFO -   Fx MLP：轮次30/300，标准化MSE=0.070876
2025-10-18 22:09:05,479 - INFO -   Fx MLP：轮次40/300，标准化MSE=0.059662
2025-10-18 22:09:08,550 - INFO -   Fx MLP：轮次50/300，标准化MSE=0.052526
2025-10-18 22:09:11,645 - INFO -   Fx MLP：轮次60/300，标准化MSE=0.049679
2025-10-18 22:09:14,738 - INFO -   Fx MLP：轮次70/300，标准化MSE=0.046929
2025-10-18 22:09:17,778 - INFO -   Fx MLP：轮次80/300，标准化MSE=0.044857
2025-10-18 22:09:20,895 - INFO -   Fx MLP：轮次90/300，标准化MSE=0.043579
2025-10-18 22:09:23,968 - INFO -   Fx MLP：轮次100/300，标准化MSE=0.042029
2025-10-18 22:09:27,055 - INFO -   Fx MLP：轮次110/300，标准化MSE=0.041025
2025-10-18 22:09:30,096 - INFO -   Fx MLP：轮次120/300，标准化MSE=0.040592
2025-10-18 22:09:33,187 - INFO -   Fx MLP：轮次130/300，标准化MSE=0.038845
2025-10-18 22:09:36,285 - INFO -   Fx MLP：轮次140/300，标准化MSE=0.038722
2025-10-18 22:09:39,335 - INFO -   Fx MLP：轮次150/300，标准化MSE=0.037302
2025-10-18 22:09:42,456 - INFO -   Fx MLP：轮次160/300，标准化MSE=0.037310
2025-10-18 22:09:45,527 - INFO -   Fx MLP：轮次170/300，标准化MSE=0.035848
2025-10-18 22:09:48,599 - INFO -   Fx MLP：轮次180/300，标准化MSE=0.035607
2025-10-18 22:09:51,688 - INFO -   Fx MLP：轮次190/300，标准化MSE=0.034601
2025-10-18 22:09:54,728 - INFO -   Fx MLP：轮次200/300，标准化MSE=0.034569
2025-10-18 22:09:57,818 - INFO -   Fx MLP：轮次210/300，标准化MSE=0.033158
2025-10-18 22:10:00,860 - INFO -   Fx MLP：轮次220/300，标准化MSE=0.032769
2025-10-18 22:10:03,957 - INFO -   Fx MLP：轮次230/300，标准化MSE=0.032711
2025-10-18 22:10:07,018 - INFO -   Fx MLP：轮次240/300，标准化MSE=0.031414
2025-10-18 22:10:10,118 - INFO -   Fx MLP：轮次250/300，标准化MSE=0.031593
2025-10-18 22:10:13,210 - INFO -   Fx MLP：轮次260/300，标准化MSE=0.031096
2025-10-18 22:10:16,271 - INFO -   Fx MLP：轮次270/300，标准化MSE=0.030518
2025-10-18 22:10:19,394 - INFO -   Fx MLP：轮次280/300，标准化MSE=0.030084
2025-10-18 22:10:22,443 - INFO -   Fx MLP：轮次290/300，标准化MSE=0.029265
2025-10-18 22:10:25,522 - INFO -   Fx MLP：轮次300/300，标准化MSE=0.029160
2025-10-18 22:10:25,527 - INFO - Fx-MLP 训练误差：MSE=0.007317 (N²)，RMSE=0.085539 N，R²=0.971016
2025-10-18 22:10:28,616 - INFO -   Fy MLP：轮次10/300，标准化MSE=0.153464
2025-10-18 22:10:31,662 - INFO -   Fy MLP：轮次20/300，标准化MSE=0.121206
2025-10-18 22:10:34,744 - INFO -   Fy MLP：轮次30/300，标准化MSE=0.106980
2025-10-18 22:10:37,779 - INFO -   Fy MLP：轮次40/300，标准化MSE=0.097483
2025-10-18 22:10:40,875 - INFO -   Fy MLP：轮次50/300，标准化MSE=0.089610
2025-10-18 22:10:43,916 - INFO -   Fy MLP：轮次60/300，标准化MSE=0.083939
2025-10-18 22:10:47,001 - INFO -   Fy MLP：轮次70/300，标准化MSE=0.077584
2025-10-18 22:10:50,090 - INFO -   Fy MLP：轮次80/300，标准化MSE=0.073011
2025-10-18 22:10:53,158 - INFO -   Fy MLP：轮次90/300，标准化MSE=0.067909
2025-10-18 22:10:56,247 - INFO -   Fy MLP：轮次100/300，标准化MSE=0.064803
2025-10-18 22:10:59,298 - INFO -   Fy MLP：轮次110/300，标准化MSE=0.059847
2025-10-18 22:11:02,391 - INFO -   Fy MLP：轮次120/300，标准化MSE=0.057234
2025-10-18 22:11:05,477 - INFO -   Fy MLP：轮次130/300，标准化MSE=0.056058
2025-10-18 22:11:08,524 - INFO -   Fy MLP：轮次140/300，标准化MSE=0.053649
2025-10-18 22:11:11,612 - INFO -   Fy MLP：轮次150/300，标准化MSE=0.052012
2025-10-18 22:11:14,670 - INFO -   Fy MLP：轮次160/300，标准化MSE=0.051064
2025-10-18 22:11:17,761 - INFO -   Fy MLP：轮次170/300，标准化MSE=0.050586
2025-10-18 22:11:20,803 - INFO -   Fy MLP：轮次180/300，标准化MSE=0.048362
2025-10-18 22:11:23,905 - INFO -   Fy MLP：轮次190/300，标准化MSE=0.048399
2025-10-18 22:11:27,018 - INFO -   Fy MLP：轮次200/300，标准化MSE=0.047275
2025-10-18 22:11:30,070 - INFO -   Fy MLP：轮次210/300，标准化MSE=0.046632
2025-10-18 22:11:33,157 - INFO -   Fy MLP：轮次220/300，标准化MSE=0.046758
2025-10-18 22:11:36,216 - INFO -   Fy MLP：轮次230/300，标准化MSE=0.044885
2025-10-18 22:11:39,304 - INFO -   Fy MLP：轮次240/300，标准化MSE=0.043945
2025-10-18 22:11:42,398 - INFO -   Fy MLP：轮次250/300，标准化MSE=0.043859
2025-10-18 22:11:45,433 - INFO -   Fy MLP：轮次260/300，标准化MSE=0.043208
2025-10-18 22:11:48,524 - INFO -   Fy MLP：轮次270/300，标准化MSE=0.042704
2025-10-18 22:11:51,572 - INFO -   Fy MLP：轮次280/300，标准化MSE=0.042383
2025-10-18 22:11:54,655 - INFO -   Fy MLP：轮次290/300，标准化MSE=0.041907
2025-10-18 22:11:57,688 - INFO -   Fy MLP：轮次300/300，标准化MSE=0.041147
2025-10-18 22:11:57,691 - INFO - Fy-MLP 训练误差：MSE=0.008818 (N²)，RMSE=0.093903 N，R²=0.958633
2025-10-18 22:12:00,827 - INFO -   Fz MLP：轮次10/300，标准化MSE=0.098087
2025-10-18 22:12:03,920 - INFO -   Fz MLP：轮次20/300，标准化MSE=0.081913
2025-10-18 22:12:06,969 - INFO -   Fz MLP：轮次30/300，标准化MSE=0.075051
2025-10-18 22:12:10,049 - INFO -   Fz MLP：轮次40/300，标准化MSE=0.069259
2025-10-18 22:12:13,108 - INFO -   Fz MLP：轮次50/300，标准化MSE=0.064339
2025-10-18 22:12:16,191 - INFO -   Fz MLP：轮次60/300，标准化MSE=0.059028
2025-10-18 22:12:19,280 - INFO -   Fz MLP：轮次70/300，标准化MSE=0.055030
2025-10-18 22:12:22,339 - INFO -   Fz MLP：轮次80/300，标准化MSE=0.050912
2025-10-18 22:12:25,429 - INFO -   Fz MLP：轮次90/300，标准化MSE=0.048036
2025-10-18 22:12:28,470 - INFO -   Fz MLP：轮次100/300，标准化MSE=0.045656
2025-10-18 22:12:31,567 - INFO -   Fz MLP：轮次110/300，标准化MSE=0.043920
2025-10-18 22:12:34,611 - INFO -   Fz MLP：轮次120/300，标准化MSE=0.042230
2025-10-18 22:12:37,712 - INFO -   Fz MLP：轮次130/300，标准化MSE=0.040672
2025-10-18 22:12:40,824 - INFO -   Fz MLP：轮次140/300，标准化MSE=0.039662
2025-10-18 22:12:43,866 - INFO -   Fz MLP：轮次150/300，标准化MSE=0.039133
2025-10-18 22:12:46,946 - INFO -   Fz MLP：轮次160/300，标准化MSE=0.038077
2025-10-18 22:12:49,985 - INFO -   Fz MLP：轮次170/300，标准化MSE=0.037432
2025-10-18 22:12:53,071 - INFO -   Fz MLP：轮次180/300，标准化MSE=0.036623
2025-10-18 22:12:56,114 - INFO -   Fz MLP：轮次190/300，标准化MSE=0.036100
2025-10-18 22:12:59,207 - INFO -   Fz MLP：轮次200/300，标准化MSE=0.035529
2025-10-18 22:13:02,291 - INFO -   Fz MLP：轮次210/300，标准化MSE=0.035664
2025-10-18 22:13:05,432 - INFO -   Fz MLP：轮次220/300，标准化MSE=0.034760
2025-10-18 22:13:08,552 - INFO -   Fz MLP：轮次230/300，标准化MSE=0.033561
2025-10-18 22:13:11,586 - INFO -   Fz MLP：轮次240/300，标准化MSE=0.033313
2025-10-18 22:13:14,660 - INFO -   Fz MLP：轮次250/300，标准化MSE=0.032925
2025-10-18 22:13:17,747 - INFO -   Fz MLP：轮次260/300，标准化MSE=0.032183
2025-10-18 22:13:20,839 - INFO -   Fz MLP：轮次270/300，标准化MSE=0.031751
2025-10-18 22:13:23,955 - INFO -   Fz MLP：轮次280/300，标准化MSE=0.031556
2025-10-18 22:13:27,005 - INFO -   Fz MLP：轮次290/300，标准化MSE=0.031204
2025-10-18 22:13:30,090 - INFO -   Fz MLP：轮次300/300，标准化MSE=0.030984
2025-10-18 22:13:30,093 - INFO - Fz-MLP 训练误差：MSE=0.134418 (N²)，RMSE=0.366631 N，R²=0.967075
2025-10-18 22:13:30,093 - INFO - MLP模型训练完成
2025-10-18 22:13:30,093 - INFO - 
====== 训练LSTM模型 ======
2025-10-18 22:13:30,093 - INFO - LSTM模型配置：
2025-10-18 22:13:30,093 - INFO -   时序窗口长度：50（对应50ms，采样率1000Hz）
2025-10-18 22:13:30,093 - INFO -   输入层维度：4（传感器数量）
2025-10-18 22:13:30,094 - INFO -   LSTM层数：2层
2025-10-18 22:13:30,094 - INFO -   隐藏层维度：64
2025-10-18 22:13:30,094 - INFO -   输出层维度：1（单个力分量）
2025-10-18 22:13:30,094 - INFO -   训练参数：epochs=200，batch_size=128，学习率=0.0001
2025-10-18 22:13:37,977 - INFO -   Fx LSTM：轮次10/200，标准化MSE=0.110463
2025-10-18 22:13:45,806 - INFO -   Fx LSTM：轮次20/200，标准化MSE=0.083461
2025-10-18 22:13:53,635 - INFO -   Fx LSTM：轮次30/200，标准化MSE=0.066705
2025-10-18 22:14:01,431 - INFO -   Fx LSTM：轮次40/200，标准化MSE=0.053572
2025-10-18 22:14:09,260 - INFO -   Fx LSTM：轮次50/200，标准化MSE=0.039521
2025-10-18 22:14:17,068 - INFO -   Fx LSTM：轮次60/200，标准化MSE=0.030472
2025-10-18 22:14:24,903 - INFO -   Fx LSTM：轮次70/200，标准化MSE=0.022269
2025-10-18 22:14:32,728 - INFO -   Fx LSTM：轮次80/200，标准化MSE=0.017353
2025-10-18 22:14:40,565 - INFO -   Fx LSTM：轮次90/200，标准化MSE=0.013759
2025-10-18 22:14:48,374 - INFO -   Fx LSTM：轮次100/200，标准化MSE=0.011210
2025-10-18 22:14:56,223 - INFO -   Fx LSTM：轮次110/200，标准化MSE=0.007388
2025-10-18 22:15:04,044 - INFO -   Fx LSTM：轮次120/200，标准化MSE=0.005518
2025-10-18 22:15:11,874 - INFO -   Fx LSTM：轮次130/200，标准化MSE=0.004328
2025-10-18 22:15:19,681 - INFO -   Fx LSTM：轮次140/200，标准化MSE=0.007847
2025-10-18 22:15:27,531 - INFO -   Fx LSTM：轮次150/200，标准化MSE=0.003743
2025-10-18 22:15:35,345 - INFO -   Fx LSTM：轮次160/200，标准化MSE=0.008046
2025-10-18 22:15:43,182 - INFO -   Fx LSTM：轮次170/200，标准化MSE=0.003079
2025-10-18 22:15:51,033 - INFO -   Fx LSTM：轮次180/200，标准化MSE=0.003071
2025-10-18 22:15:58,847 - INFO -   Fx LSTM：轮次190/200，标准化MSE=0.002457
2025-10-18 22:16:06,700 - INFO -   Fx LSTM：轮次200/200，标准化MSE=0.002854
2025-10-18 22:16:06,700 - INFO -   Fx LSTM：开始分批次计算训练误差
2025-10-18 22:16:06,980 - INFO - Fx-LSTM 训练误差：MSE=0.000714 (N²)，RMSE=0.026714 N，R²=0.997175
2025-10-18 22:16:14,785 - INFO -   Fy LSTM：轮次10/200，标准化MSE=0.149427
2025-10-18 22:16:22,598 - INFO -   Fy LSTM：轮次20/200，标准化MSE=0.091512
2025-10-18 22:16:30,382 - INFO -   Fy LSTM：轮次30/200，标准化MSE=0.068351
2025-10-18 22:16:38,191 - INFO -   Fy LSTM：轮次40/200，标准化MSE=0.048396
2025-10-18 22:16:46,036 - INFO -   Fy LSTM：轮次50/200，标准化MSE=0.041485
2025-10-18 22:16:53,834 - INFO -   Fy LSTM：轮次60/200，标准化MSE=0.029584
2025-10-18 22:17:01,616 - INFO -   Fy LSTM：轮次70/200，标准化MSE=0.025414
2025-10-18 22:17:09,461 - INFO -   Fy LSTM：轮次80/200，标准化MSE=0.018195
2025-10-18 22:17:17,259 - INFO -   Fy LSTM：轮次90/200，标准化MSE=0.013410
2025-10-18 22:17:25,056 - INFO -   Fy LSTM：轮次100/200，标准化MSE=0.010492
2025-10-18 22:17:32,848 - INFO -   Fy LSTM：轮次110/200，标准化MSE=0.008436
2025-10-18 22:17:40,665 - INFO -   Fy LSTM：轮次120/200，标准化MSE=0.009070
2025-10-18 22:17:48,488 - INFO -   Fy LSTM：轮次130/200，标准化MSE=0.009122
2025-10-18 22:17:57,199 - INFO -   Fy LSTM：轮次140/200，标准化MSE=0.006324
2025-10-18 22:18:05,013 - INFO -   Fy LSTM：轮次150/200，标准化MSE=0.006192
2025-10-18 22:18:12,828 - INFO -   Fy LSTM：轮次160/200，标准化MSE=0.006522
2025-10-18 22:18:20,644 - INFO -   Fy LSTM：轮次170/200，标准化MSE=0.005647
2025-10-18 22:18:28,463 - INFO -   Fy LSTM：轮次180/200，标准化MSE=0.004885
2025-10-18 22:18:36,252 - INFO -   Fy LSTM：轮次190/200，标准化MSE=0.005707
2025-10-18 22:18:44,046 - INFO -   Fy LSTM：轮次200/200，标准化MSE=0.004443
2025-10-18 22:18:44,046 - INFO -   Fy LSTM：开始分批次计算训练误差
2025-10-18 22:18:44,310 - INFO - Fy-LSTM 训练误差：MSE=0.000636 (N²)，RMSE=0.025225 N，R²=0.997017
2025-10-18 22:18:52,164 - INFO -   Fz LSTM：轮次10/200，标准化MSE=0.048993
2025-10-18 22:19:00,089 - INFO -   Fz LSTM：轮次20/200，标准化MSE=0.030023
2025-10-18 22:19:07,917 - INFO -   Fz LSTM：轮次30/200，标准化MSE=0.021049
2025-10-18 22:19:15,756 - INFO -   Fz LSTM：轮次40/200，标准化MSE=0.014595
2025-10-18 22:19:23,598 - INFO -   Fz LSTM：轮次50/200，标准化MSE=0.010666
2025-10-18 22:19:31,456 - INFO -   Fz LSTM：轮次60/200，标准化MSE=0.008945
2025-10-18 22:19:39,286 - INFO -   Fz LSTM：轮次70/200，标准化MSE=0.006836
2025-10-18 22:19:47,152 - INFO -   Fz LSTM：轮次80/200，标准化MSE=0.006023
2025-10-18 22:19:55,000 - INFO -   Fz LSTM：轮次90/200，标准化MSE=0.005397
2025-10-18 22:20:02,889 - INFO -   Fz LSTM：轮次100/200，标准化MSE=0.011207
2025-10-18 22:20:10,884 - INFO -   Fz LSTM：轮次110/200，标准化MSE=0.007931
2025-10-18 22:20:18,946 - INFO -   Fz LSTM：轮次120/200，标准化MSE=0.003276
2025-10-18 22:20:26,929 - INFO -   Fz LSTM：轮次130/200，标准化MSE=0.003367
2025-10-18 22:20:34,920 - INFO -   Fz LSTM：轮次140/200，标准化MSE=0.003134
2025-10-18 22:20:42,884 - INFO -   Fz LSTM：轮次150/200，标准化MSE=0.002780
2025-10-18 22:20:50,845 - INFO -   Fz LSTM：轮次160/200，标准化MSE=0.002534
2025-10-18 22:20:58,795 - INFO -   Fz LSTM：轮次170/200，标准化MSE=0.002813
2025-10-18 22:21:06,839 - INFO -   Fz LSTM：轮次180/200，标准化MSE=0.002441
2025-10-18 22:21:14,761 - INFO -   Fz LSTM：轮次190/200，标准化MSE=0.002452
2025-10-18 22:21:22,620 - INFO -   Fz LSTM：轮次200/200，标准化MSE=0.002931
2025-10-18 22:21:22,620 - INFO -   Fz LSTM：开始分批次计算训练误差
2025-10-18 22:21:22,884 - INFO - Fz-LSTM 训练误差：MSE=0.007445 (N²)，RMSE=0.086285 N，R²=0.998177
2025-10-18 22:21:22,885 - INFO - LSTM模型训练完成
2025-10-18 22:21:22,891 - INFO - MLP模型保存完成：force_models_20251018_220851\mlp_models
2025-10-18 22:21:22,894 - INFO - LSTM模型保存完成：force_models_20251018_220851\lstm_models
2025-10-18 22:21:22,894 - INFO - 最小二乘系数保存完成：sensor_calibration_raw.json
2025-10-18 22:21:22,894 - INFO - 
====== 训练模式：全局预测与误差对比 ======
2025-10-18 22:21:25,687 - INFO - 最小二乘预测完成：平均时间0.0431ms（多项式度数4）
2025-10-18 22:21:25,700 - INFO - MLP预测完成：平均时间0.0002ms
2025-10-18 22:21:25,757 - INFO - LSTM分批次预测：批次大小=128，总序列数=64762
2025-10-18 22:21:26,823 - INFO - LSTM预测完成：平均时间0.0173ms（时序窗口50，批次128）
2025-10-18 22:21:26,831 - INFO - 
Fx-最小二乘：MSE=0.077765 (N²)，RMSE=0.278864 N，R²=0.691956
2025-10-18 22:21:26,834 - INFO - 
Fy-最小二乘：MSE=0.056537 (N²)，RMSE=0.237775 N，R²=0.734765
2025-10-18 22:21:26,836 - INFO - 
Fz-最小二乘：MSE=0.544842 (N²)，RMSE=0.738134 N，R²=0.866543
2025-10-18 22:21:26,838 - INFO - 
Fx-MLP：MSE=0.007317 (N²)，RMSE=0.085539 N，R²=0.971016
2025-10-18 22:21:26,840 - INFO - 
Fy-MLP：MSE=0.008818 (N²)，RMSE=0.093903 N，R²=0.958633
2025-10-18 22:21:26,841 - INFO - 
Fz-MLP：MSE=0.134418 (N²)，RMSE=0.366631 N，R²=0.967075
2025-10-18 22:21:26,843 - INFO - 
Fx-LSTM：MSE=0.000713 (N²)，RMSE=0.026711 N，R²=0.997174
2025-10-18 22:21:26,845 - INFO - 
Fy-LSTM：MSE=0.000636 (N²)，RMSE=0.025215 N，R²=0.997017
2025-10-18 22:21:26,847 - INFO - 
Fz-LSTM：MSE=0.007440 (N²)，RMSE=0.086254 N，R²=0.998178
2025-10-18 22:21:26,848 - INFO - 
====== 预测时间对比 ======
2025-10-18 22:21:26,848 - INFO - 最小二乘：平均单次预测时间=43091纳秒（0.0431ms）
2025-10-18 22:21:26,848 - INFO - MLP：平均单次预测时间=184纳秒（0.0002ms）
2025-10-18 22:21:26,848 - INFO - LSTM：平均单次预测时间=17347纳秒（0.0173ms）
2025-10-18 22:21:27,812 - INFO - 时序对比图保存完成：force_time_contrast.png
2025-10-18 23:14:52,598 - INFO - 散点对比图保存完成：force_scatter_contrast.png
2025-10-18 23:14:56,284 - INFO - 
====== 训练模式完成！所有结果保存至：force_models_20251018_220851 ======
