2025-10-19 21:48:33,652 - INFO - 日志系统初始化完成（训练模式），日志文件：force_models_20251019_214833/training_log.log
2025-10-19 21:48:33,652 - INFO - 模型保存目录：force_models_20251019_214833
2025-10-19 21:48:33,685 - INFO - 
====== 开始训练模式（使用cuda设备）======
2025-10-19 21:48:33,686 - INFO - === 训练超参数（全部来自全局宏定义） ===
2025-10-19 21:48:33,686 - INFO - MLP：隐藏层神经元(10, 10) | 轮次300 | 学习率0.002 | 批次2048
2025-10-19 21:48:33,686 - INFO - LSTM：输入维度4 | 隐藏维度16 | 层数1 | 轮次200 | 学习率0.0002 | 批次2048 | 窗口50ms
2025-10-19 21:48:33,686 - INFO - 最小二乘：多项式度数4
2025-10-19 21:48:33,744 - INFO - 已读取train数据文件：C:/Users/Admin/Desktop/CubeMX_proj/Routine_acq_raw_data_8x8/8x8_data_calibration/aligned_data2.csv，数据形状：(197866, 7)
2025-10-19 21:48:33,936 - INFO - LSTM时序数据构建完成：序列特征(197817, 50, 4)，序列目标(197817, 3)（窗口大小50）
2025-10-19 21:48:34,185 - INFO - 
====== 训练最小二乘模型 ======
2025-10-19 21:48:34,186 - INFO - 最小二乘多项式特征配置：度数=4
2025-10-19 21:48:34,222 - INFO - Fx-最小二乘 训练误差：MSE=0.058126 (N²)，RMSE=0.241094 N，R²=0.477301
2025-10-19 21:48:34,239 - INFO - Fy-最小二乘 训练误差：MSE=0.043650 (N²)，RMSE=0.208925 N，R²=0.594463
2025-10-19 21:48:34,259 - INFO - Fz-最小二乘 训练误差：MSE=0.081902 (N²)，RMSE=0.286186 N，R²=0.965415
2025-10-19 21:48:34,259 - INFO - 最小二乘模型训练完成
2025-10-19 21:48:34,259 - INFO - 
====== 训练MLP模型 ======
2025-10-19 21:48:34,259 - INFO - MLP模型配置：
2025-10-19 21:48:34,259 - INFO -   输入层维度：4（传感器数量）
2025-10-19 21:48:34,259 - INFO -   隐藏层数量：2层
2025-10-19 21:48:34,259 - INFO -   各层神经元数：(10, 10)
2025-10-19 21:48:34,259 - INFO -   输出层维度：1（单个力分量）
2025-10-19 21:48:34,259 - INFO -   训练参数：epochs=300，batch_size=2048，学习率=0.002
2025-10-19 21:48:43,340 - INFO -   Fx MLP：轮次10/300，标准化MSE=0.417657
2025-10-19 21:48:51,259 - INFO -   Fx MLP：轮次20/300，标准化MSE=0.346773
2025-10-19 21:48:59,237 - INFO -   Fx MLP：轮次30/300，标准化MSE=0.312879
2025-10-19 21:49:07,187 - INFO -   Fx MLP：轮次40/300，标准化MSE=0.288250
2025-10-19 21:49:15,206 - INFO -   Fx MLP：轮次50/300，标准化MSE=0.268260
2025-10-19 21:49:23,102 - INFO -   Fx MLP：轮次60/300，标准化MSE=0.253895
2025-10-19 21:49:31,065 - INFO -   Fx MLP：轮次70/300，标准化MSE=0.236910
2025-10-19 21:49:38,982 - INFO -   Fx MLP：轮次80/300，标准化MSE=0.227531
2025-10-19 21:49:46,955 - INFO -   Fx MLP：轮次90/300，标准化MSE=0.222228
2025-10-19 21:49:55,023 - INFO -   Fx MLP：轮次100/300，标准化MSE=0.218006
2025-10-19 21:50:02,987 - INFO -   Fx MLP：轮次110/300，标准化MSE=0.214665
2025-10-19 21:50:11,021 - INFO -   Fx MLP：轮次120/300，标准化MSE=0.210071
2025-10-19 21:50:19,051 - INFO -   Fx MLP：轮次130/300，标准化MSE=0.206970
2025-10-19 21:50:27,176 - INFO -   Fx MLP：轮次140/300，标准化MSE=0.200936
2025-10-19 21:50:35,133 - INFO -   Fx MLP：轮次150/300，标准化MSE=0.195877
2025-10-19 21:50:43,162 - INFO -   Fx MLP：轮次160/300，标准化MSE=0.191544
2025-10-19 21:50:51,146 - INFO -   Fx MLP：轮次170/300，标准化MSE=0.189291
2025-10-19 21:50:59,166 - INFO -   Fx MLP：轮次180/300，标准化MSE=0.185910
2025-10-19 21:51:07,220 - INFO -   Fx MLP：轮次190/300，标准化MSE=0.183364
2025-10-19 21:51:15,186 - INFO -   Fx MLP：轮次200/300，标准化MSE=0.181333
2025-10-19 21:51:23,196 - INFO -   Fx MLP：轮次210/300，标准化MSE=0.176770
2025-10-19 21:51:31,212 - INFO -   Fx MLP：轮次220/300，标准化MSE=0.173472
2025-10-19 21:51:39,261 - INFO -   Fx MLP：轮次230/300，标准化MSE=0.171010
2025-10-19 21:51:47,187 - INFO -   Fx MLP：轮次240/300，标准化MSE=0.169222
2025-10-19 21:51:55,230 - INFO -   Fx MLP：轮次250/300，标准化MSE=0.166047
2025-10-19 21:52:03,186 - INFO -   Fx MLP：轮次260/300，标准化MSE=0.164235
2025-10-19 21:52:11,165 - INFO -   Fx MLP：轮次270/300，标准化MSE=0.163782
2025-10-19 21:52:19,209 - INFO -   Fx MLP：轮次280/300，标准化MSE=0.163023
2025-10-19 21:52:27,193 - INFO -   Fx MLP：轮次290/300，标准化MSE=0.162497
2025-10-19 21:52:35,168 - INFO -   Fx MLP：轮次300/300，标准化MSE=0.162551
2025-10-19 21:52:35,180 - INFO - Fx-MLP 训练误差：MSE=0.017822 (N²)，RMSE=0.133499 N，R²=0.839735
2025-10-19 21:52:43,191 - INFO -   Fy MLP：轮次10/300，标准化MSE=0.324126
2025-10-19 21:52:51,225 - INFO -   Fy MLP：轮次20/300，标准化MSE=0.261453
2025-10-19 21:52:59,162 - INFO -   Fy MLP：轮次30/300，标准化MSE=0.240305
2025-10-19 21:53:07,154 - INFO -   Fy MLP：轮次40/300，标准化MSE=0.227860
2025-10-19 21:53:15,203 - INFO -   Fy MLP：轮次50/300，标准化MSE=0.219332
2025-10-19 21:53:23,181 - INFO -   Fy MLP：轮次60/300，标准化MSE=0.212964
2025-10-19 21:53:31,138 - INFO -   Fy MLP：轮次70/300，标准化MSE=0.206139
2025-10-19 21:53:39,128 - INFO -   Fy MLP：轮次80/300，标准化MSE=0.200716
2025-10-19 21:53:47,201 - INFO -   Fy MLP：轮次90/300，标准化MSE=0.195351
2025-10-19 21:53:55,176 - INFO -   Fy MLP：轮次100/300，标准化MSE=0.192043
2025-10-19 21:54:03,172 - INFO -   Fy MLP：轮次110/300，标准化MSE=0.185681
2025-10-19 21:54:11,117 - INFO -   Fy MLP：轮次120/300，标准化MSE=0.180729
2025-10-19 21:54:19,174 - INFO -   Fy MLP：轮次130/300，标准化MSE=0.178135
2025-10-19 21:54:27,225 - INFO -   Fy MLP：轮次140/300，标准化MSE=0.175294
2025-10-19 21:54:35,184 - INFO -   Fy MLP：轮次150/300，标准化MSE=0.173428
2025-10-19 21:54:43,180 - INFO -   Fy MLP：轮次160/300，标准化MSE=0.171302
2025-10-19 21:54:51,222 - INFO -   Fy MLP：轮次170/300，标准化MSE=0.169782
2025-10-19 21:54:59,270 - INFO -   Fy MLP：轮次180/300，标准化MSE=0.167711
2025-10-19 21:55:07,232 - INFO -   Fy MLP：轮次190/300，标准化MSE=0.166029
2025-10-19 21:55:15,254 - INFO -   Fy MLP：轮次200/300，标准化MSE=0.165260
2025-10-19 21:55:23,226 - INFO -   Fy MLP：轮次210/300，标准化MSE=0.163694
2025-10-19 21:55:31,223 - INFO -   Fy MLP：轮次220/300，标准化MSE=0.162705
2025-10-19 21:55:39,227 - INFO -   Fy MLP：轮次230/300，标准化MSE=0.161755
2025-10-19 21:55:47,185 - INFO -   Fy MLP：轮次240/300，标准化MSE=0.161388
2025-10-19 21:55:55,175 - INFO -   Fy MLP：轮次250/300，标准化MSE=0.160304
2025-10-19 21:56:03,158 - INFO -   Fy MLP：轮次260/300，标准化MSE=0.160173
2025-10-19 21:56:11,204 - INFO -   Fy MLP：轮次270/300，标准化MSE=0.160267
2025-10-19 21:56:19,149 - INFO -   Fy MLP：轮次280/300，标准化MSE=0.159267
2025-10-19 21:56:27,145 - INFO -   Fy MLP：轮次290/300，标准化MSE=0.159788
2025-10-19 21:56:35,074 - INFO -   Fy MLP：轮次300/300，标准化MSE=0.159092
2025-10-19 21:56:35,083 - INFO - Fy-MLP 训练误差：MSE=0.016965 (N²)，RMSE=0.130249 N，R²=0.842386
2025-10-19 21:56:43,211 - INFO -   Fz MLP：轮次10/300，标准化MSE=0.023374
2025-10-19 21:56:51,140 - INFO -   Fz MLP：轮次20/300，标准化MSE=0.019918
2025-10-19 21:56:59,093 - INFO -   Fz MLP：轮次30/300，标准化MSE=0.018600
2025-10-19 21:57:07,096 - INFO -   Fz MLP：轮次40/300，标准化MSE=0.017667
2025-10-19 21:57:15,234 - INFO -   Fz MLP：轮次50/300，标准化MSE=0.017133
2025-10-19 21:57:23,178 - INFO -   Fz MLP：轮次60/300，标准化MSE=0.016801
2025-10-19 21:57:31,177 - INFO -   Fz MLP：轮次70/300，标准化MSE=0.016581
2025-10-19 21:57:39,110 - INFO -   Fz MLP：轮次80/300，标准化MSE=0.016448
2025-10-19 21:57:47,128 - INFO -   Fz MLP：轮次90/300，标准化MSE=0.016279
2025-10-19 21:57:55,146 - INFO -   Fz MLP：轮次100/300，标准化MSE=0.016167
2025-10-19 21:58:03,105 - INFO -   Fz MLP：轮次110/300，标准化MSE=0.015985
2025-10-19 21:58:11,115 - INFO -   Fz MLP：轮次120/300，标准化MSE=0.015922
2025-10-19 21:58:19,113 - INFO -   Fz MLP：轮次130/300，标准化MSE=0.015778
2025-10-19 21:58:27,196 - INFO -   Fz MLP：轮次140/300，标准化MSE=0.015644
2025-10-19 21:58:35,166 - INFO -   Fz MLP：轮次150/300，标准化MSE=0.015544
2025-10-19 21:58:43,158 - INFO -   Fz MLP：轮次160/300，标准化MSE=0.015450
2025-10-19 21:58:51,101 - INFO -   Fz MLP：轮次170/300，标准化MSE=0.015353
2025-10-19 21:58:59,112 - INFO -   Fz MLP：轮次180/300，标准化MSE=0.015316
2025-10-19 21:59:07,127 - INFO -   Fz MLP：轮次190/300，标准化MSE=0.015251
2025-10-19 21:59:15,107 - INFO -   Fz MLP：轮次200/300，标准化MSE=0.015242
2025-10-19 21:59:23,118 - INFO -   Fz MLP：轮次210/300，标准化MSE=0.015204
2025-10-19 21:59:31,129 - INFO -   Fz MLP：轮次220/300，标准化MSE=0.015168
2025-10-19 21:59:39,180 - INFO -   Fz MLP：轮次230/300，标准化MSE=0.015171
2025-10-19 21:59:47,141 - INFO -   Fz MLP：轮次240/300，标准化MSE=0.015077
2025-10-19 21:59:55,120 - INFO -   Fz MLP：轮次250/300，标准化MSE=0.015091
2025-10-19 22:00:03,030 - INFO -   Fz MLP：轮次260/300，标准化MSE=0.015048
2025-10-19 22:00:11,070 - INFO -   Fz MLP：轮次270/300，标准化MSE=0.015092
2025-10-19 22:00:19,103 - INFO -   Fz MLP：轮次280/300，标准化MSE=0.014814
2025-10-19 22:00:27,035 - INFO -   Fz MLP：轮次290/300，标准化MSE=0.014707
2025-10-19 22:00:35,026 - INFO -   Fz MLP：轮次300/300，标准化MSE=0.014601
2025-10-19 22:00:35,034 - INFO - Fz-MLP 训练误差：MSE=0.034356 (N²)，RMSE=0.185353 N，R²=0.985493
2025-10-19 22:00:35,034 - INFO - MLP模型训练完成
2025-10-19 22:00:35,035 - INFO - 
====== 训练LSTM模型 ======
2025-10-19 22:00:35,035 - INFO - LSTM模型配置：
2025-10-19 22:00:35,035 - INFO -   时序窗口长度：50（对应50ms，采样率1000Hz）
2025-10-19 22:00:35,035 - INFO -   输入层维度：4（传感器数量）
2025-10-19 22:00:35,035 - INFO -   LSTM层数：1层
2025-10-19 22:00:35,036 - INFO -   隐藏层维度：16
2025-10-19 22:00:35,036 - INFO -   输出层维度：1（单个力分量）
2025-10-19 22:00:35,036 - INFO -   训练参数：epochs=200，batch_size=2048，学习率=0.0002
2025-10-19 22:00:46,461 - INFO -   Fx LSTM：轮次10/200，标准化MSE=0.480210
2025-10-19 22:00:57,818 - INFO -   Fx LSTM：轮次20/200，标准化MSE=0.345663
2025-10-19 22:01:09,012 - INFO -   Fx LSTM：轮次30/200，标准化MSE=0.274893
2025-10-19 22:01:19,561 - INFO -   Fx LSTM：轮次40/200，标准化MSE=0.239135
2025-10-19 22:01:30,833 - INFO -   Fx LSTM：轮次50/200，标准化MSE=0.219406
2025-10-19 22:01:42,147 - INFO -   Fx LSTM：轮次60/200，标准化MSE=0.204647
2025-10-19 22:01:52,716 - INFO -   Fx LSTM：轮次70/200，标准化MSE=0.198183
2025-10-19 22:02:03,889 - INFO -   Fx LSTM：轮次80/200，标准化MSE=0.190902
2025-10-19 22:02:15,179 - INFO -   Fx LSTM：轮次90/200，标准化MSE=0.190385
2025-10-19 22:02:26,474 - INFO -   Fx LSTM：轮次100/200，标准化MSE=0.193811
2025-10-19 22:02:37,729 - INFO -   Fx LSTM：轮次110/200，标准化MSE=0.181803
2025-10-19 22:02:49,009 - INFO -   Fx LSTM：轮次120/200，标准化MSE=0.177876
2025-10-19 22:03:00,240 - INFO -   Fx LSTM：轮次130/200，标准化MSE=0.171726
2025-10-19 22:03:11,528 - INFO -   Fx LSTM：轮次140/200，标准化MSE=0.169407
2025-10-19 22:03:22,222 - INFO -   Fx LSTM：轮次150/200，标准化MSE=0.163883
2025-10-19 22:03:33,629 - INFO -   Fx LSTM：轮次160/200，标准化MSE=0.190691
2025-10-19 22:03:44,848 - INFO -   Fx LSTM：轮次170/200，标准化MSE=0.247129
2025-10-19 22:03:56,146 - INFO -   Fx LSTM：轮次180/200，标准化MSE=0.152542
2025-10-19 22:04:07,465 - INFO -   Fx LSTM：轮次190/200，标准化MSE=0.149912
2025-10-19 22:04:18,662 - INFO -   Fx LSTM：轮次200/200，标准化MSE=0.185715
2025-10-19 22:04:18,662 - INFO -   Fx LSTM：开始分批次计算训练误差
2025-10-19 22:04:18,995 - INFO - Fx-LSTM 训练误差：MSE=0.018210 (N²)，RMSE=0.134944 N，R²=0.836287
2025-10-19 22:04:30,224 - INFO -   Fy LSTM：轮次10/200，标准化MSE=0.464310
2025-10-19 22:04:41,378 - INFO -   Fy LSTM：轮次20/200，标准化MSE=0.333850
2025-10-19 22:04:52,356 - INFO -   Fy LSTM：轮次30/200，标准化MSE=0.239745
2025-10-19 22:05:03,405 - INFO -   Fy LSTM：轮次40/200，标准化MSE=0.206892
2025-10-19 22:05:14,365 - INFO -   Fy LSTM：轮次50/200，标准化MSE=0.190073
2025-10-19 22:05:25,328 - INFO -   Fy LSTM：轮次60/200，标准化MSE=0.165187
2025-10-19 22:05:36,392 - INFO -   Fy LSTM：轮次70/200，标准化MSE=0.151386
2025-10-19 22:05:47,404 - INFO -   Fy LSTM：轮次80/200，标准化MSE=0.147819
2025-10-19 22:05:58,392 - INFO -   Fy LSTM：轮次90/200，标准化MSE=0.137389
2025-10-19 22:06:09,408 - INFO -   Fy LSTM：轮次100/200，标准化MSE=0.130302
2025-10-19 22:06:20,382 - INFO -   Fy LSTM：轮次110/200，标准化MSE=0.134283
2025-10-19 22:06:31,356 - INFO -   Fy LSTM：轮次120/200，标准化MSE=0.123643
2025-10-19 22:06:42,354 - INFO -   Fy LSTM：轮次130/200，标准化MSE=0.117778
2025-10-19 22:06:53,154 - INFO -   Fy LSTM：轮次140/200，标准化MSE=0.113160
2025-10-19 22:07:03,705 - INFO -   Fy LSTM：轮次150/200，标准化MSE=0.131252
2025-10-19 22:07:14,723 - INFO -   Fy LSTM：轮次160/200，标准化MSE=0.107481
2025-10-19 22:07:25,651 - INFO -   Fy LSTM：轮次170/200，标准化MSE=0.327719
2025-10-19 22:07:36,694 - INFO -   Fy LSTM：轮次180/200，标准化MSE=0.181282
2025-10-19 22:07:47,642 - INFO -   Fy LSTM：轮次190/200，标准化MSE=0.163910
2025-10-19 22:07:58,585 - INFO -   Fy LSTM：轮次200/200，标准化MSE=0.134367
2025-10-19 22:07:58,585 - INFO -   Fy LSTM：开始分批次计算训练误差
2025-10-19 22:07:58,916 - INFO - Fy-LSTM 训练误差：MSE=0.014205 (N²)，RMSE=0.119183 N，R²=0.868062
2025-10-19 22:08:10,215 - INFO -   Fz LSTM：轮次10/200，标准化MSE=0.064136
2025-10-19 22:08:21,415 - INFO -   Fz LSTM：轮次20/200，标准化MSE=0.024484
2025-10-19 22:08:31,644 - INFO -   Fz LSTM：轮次30/200，标准化MSE=0.022216
2025-10-19 22:08:42,972 - INFO -   Fz LSTM：轮次40/200，标准化MSE=0.020856
2025-10-19 22:08:54,267 - INFO -   Fz LSTM：轮次50/200，标准化MSE=0.019330
2025-10-19 22:09:05,513 - INFO -   Fz LSTM：轮次60/200，标准化MSE=0.018796
2025-10-19 22:09:16,753 - INFO -   Fz LSTM：轮次70/200，标准化MSE=0.018182
2025-10-19 22:09:27,880 - INFO -   Fz LSTM：轮次80/200，标准化MSE=0.017414
2025-10-19 22:09:39,056 - INFO -   Fz LSTM：轮次90/200，标准化MSE=0.016580
2025-10-19 22:09:50,204 - INFO -   Fz LSTM：轮次100/200，标准化MSE=0.015785
2025-10-19 22:10:01,394 - INFO -   Fz LSTM：轮次110/200，标准化MSE=0.015492
2025-10-19 22:10:12,595 - INFO -   Fz LSTM：轮次120/200，标准化MSE=0.014981
2025-10-19 22:10:23,839 - INFO -   Fz LSTM：轮次130/200，标准化MSE=0.014491
2025-10-19 22:10:35,102 - INFO -   Fz LSTM：轮次140/200，标准化MSE=0.013949
2025-10-19 22:10:46,310 - INFO -   Fz LSTM：轮次150/200，标准化MSE=0.016403
2025-10-19 22:10:57,513 - INFO -   Fz LSTM：轮次160/200，标准化MSE=0.014117
2025-10-19 22:11:08,751 - INFO -   Fz LSTM：轮次170/200，标准化MSE=0.013663
2025-10-19 22:11:20,060 - INFO -   Fz LSTM：轮次180/200，标准化MSE=0.012735
2025-10-19 22:11:31,369 - INFO -   Fz LSTM：轮次190/200，标准化MSE=0.012269
2025-10-19 22:11:42,549 - INFO -   Fz LSTM：轮次200/200，标准化MSE=0.011960
2025-10-19 22:11:42,549 - INFO -   Fz LSTM：开始分批次计算训练误差
2025-10-19 22:11:42,929 - INFO - Fz-LSTM 训练误差：MSE=0.028479 (N²)，RMSE=0.168759 N，R²=0.987976
2025-10-19 22:11:42,931 - INFO - LSTM模型训练完成
2025-10-19 22:11:42,945 - INFO - MLP模型保存完成：force_models_20251019_214833\mlp_models
2025-10-19 22:11:42,948 - INFO - LSTM模型保存完成：force_models_20251019_214833\lstm_models
2025-10-19 22:11:42,949 - INFO - 最小二乘系数保存完成：sensor_calibration_raw.json
2025-10-19 22:11:42,949 - INFO - 
====== 训练模式：全局预测与误差对比 ======
2025-10-19 22:11:51,565 - INFO - 最小二乘预测完成：平均时间0.0435ms（多项式度数4）
2025-10-19 22:11:51,591 - INFO - MLP预测完成：平均时间0.0001ms
2025-10-19 22:11:51,753 - INFO - LSTM分批次预测：批次大小=2048，总序列数=197817
2025-10-19 22:11:53,023 - INFO - LSTM预测完成：平均时间0.0072ms（时序窗口50，批次2048）
2025-10-19 22:11:53,048 - INFO - 
Fx-最小二乘：MSE=0.058126 (N²)，RMSE=0.241094 N，R²=0.477301
2025-10-19 22:11:53,057 - INFO - 
Fy-最小二乘：MSE=0.043650 (N²)，RMSE=0.208925 N，R²=0.594463
2025-10-19 22:11:53,065 - INFO - 
Fz-最小二乘：MSE=0.081902 (N²)，RMSE=0.286186 N，R²=0.965415
2025-10-19 22:11:53,073 - INFO - 
Fx-MLP：MSE=0.017822 (N²)，RMSE=0.133499 N，R²=0.839735
2025-10-19 22:11:53,081 - INFO - 
Fy-MLP：MSE=0.016965 (N²)，RMSE=0.130249 N，R²=0.842386
2025-10-19 22:11:53,089 - INFO - 
Fz-MLP：MSE=0.034356 (N²)，RMSE=0.185353 N，R²=0.985493
2025-10-19 22:11:53,097 - INFO - 
Fx-LSTM：MSE=0.018206 (N²)，RMSE=0.134928 N，R²=0.836287
2025-10-19 22:11:53,106 - INFO - 
Fy-LSTM：MSE=0.014201 (N²)，RMSE=0.119168 N，R²=0.868062
2025-10-19 22:11:53,114 - INFO - 
Fz-LSTM：MSE=0.028473 (N²)，RMSE=0.168738 N，R²=0.987977
2025-10-19 22:11:53,114 - INFO - 
====== 预测时间对比 ======
2025-10-19 22:11:53,115 - INFO - 最小二乘：平均单次预测时间=43544纳秒（0.0435ms）
2025-10-19 22:11:53,115 - INFO - MLP：平均单次预测时间=133纳秒（0.0001ms）
2025-10-19 22:11:53,115 - INFO - LSTM：平均单次预测时间=7235纳秒（0.0072ms）
2025-10-19 22:11:54,627 - INFO - 时序对比图保存完成：force_time_contrast.png
2025-10-20 00:54:35,410 - INFO - 散点对比图保存完成：force_scatter_contrast.png
2025-10-20 00:54:50,736 - INFO - 
====== 训练模式完成！所有结果保存至：force_models_20251019_214833 ======
