2025-10-18 19:26:40,598 - INFO - 日志系统初始化完成（训练模式），日志文件：force_models_20251018_192640/training_log.log
2025-10-18 19:26:40,598 - INFO - 模型保存目录：force_models_20251018_192640
2025-10-18 19:26:40,611 - INFO - 
====== 开始训练模式（使用cuda设备）======
2025-10-18 19:26:40,611 - INFO - === 训练超参数（全部来自全局宏定义） ===
2025-10-18 19:26:40,611 - INFO - MLP：隐藏层神经元(40, 20, 10) | 轮次300 | 学习率0.001 | 批次512
2025-10-18 19:26:40,611 - INFO - LSTM：输入维度4 | 隐藏维度64 | 层数2 | 轮次200 | 学习率0.0001 | 批次128 | 窗口50ms
2025-10-18 19:26:40,611 - INFO - 最小二乘：多项式度数4
2025-10-18 19:26:40,768 - INFO - 已读取train数据文件：C:/Users/Admin/Desktop/CubeMX_proj/Routine_acq_raw_data_8x8/8x8_data_calibration/aligned_data3.csv，数据形状：(439501, 7)
2025-10-18 19:26:41,190 - INFO - LSTM时序数据构建完成：序列特征(439452, 50, 4)，序列目标(439452, 3)（窗口大小50）
2025-10-18 19:26:41,652 - INFO - 
====== 训练最小二乘模型 ======
2025-10-18 19:26:41,652 - INFO - 最小二乘多项式特征配置：度数=4
2025-10-18 19:26:41,732 - INFO - Fx-最小二乘 训练误差：MSE=0.119847 (N²)，RMSE=0.346190 N，R²=0.447335
2025-10-18 19:26:41,771 - INFO - Fy-最小二乘 训练误差：MSE=0.148474 (N²)，RMSE=0.385323 N，R²=0.302197
2025-10-18 19:26:41,809 - INFO - Fz-最小二乘 训练误差：MSE=0.313093 (N²)，RMSE=0.559547 N，R²=0.880420
2025-10-18 19:26:41,810 - INFO - 最小二乘模型训练完成
2025-10-18 19:26:41,810 - INFO - 
====== 训练MLP模型 ======
2025-10-18 19:26:41,810 - INFO - MLP模型配置：
2025-10-18 19:26:41,810 - INFO -   输入层维度：4（传感器数量）
2025-10-18 19:26:41,810 - INFO -   隐藏层数量：3层
2025-10-18 19:26:41,810 - INFO -   各层神经元数：(40, 20, 10)
2025-10-18 19:26:41,810 - INFO -   输出层维度：1（单个力分量）
2025-10-18 19:26:41,810 - INFO -   训练参数：epochs=300，batch_size=512，学习率=0.001
2025-10-18 19:27:03,931 - INFO -   Fx MLP：轮次10/300，标准化MSE=0.214586
2025-10-18 19:27:25,149 - INFO -   Fx MLP：轮次20/300，标准化MSE=0.174809
2025-10-18 19:27:46,160 - INFO -   Fx MLP：轮次30/300，标准化MSE=0.156557
2025-10-18 19:28:07,007 - INFO -   Fx MLP：轮次40/300，标准化MSE=0.146398
2025-10-18 19:28:27,934 - INFO -   Fx MLP：轮次50/300，标准化MSE=0.140501
2025-10-18 19:28:48,900 - INFO -   Fx MLP：轮次60/300，标准化MSE=0.136114
2025-10-18 19:29:09,767 - INFO -   Fx MLP：轮次70/300，标准化MSE=0.130622
2025-10-18 19:29:30,632 - INFO -   Fx MLP：轮次80/300，标准化MSE=0.126248
2025-10-18 19:29:51,482 - INFO -   Fx MLP：轮次90/300，标准化MSE=0.123562
2025-10-18 19:30:12,402 - INFO -   Fx MLP：轮次100/300，标准化MSE=0.122508
2025-10-18 19:30:33,245 - INFO -   Fx MLP：轮次110/300，标准化MSE=0.118768
2025-10-18 19:30:54,123 - INFO -   Fx MLP：轮次120/300，标准化MSE=0.116342
2025-10-18 19:31:14,941 - INFO -   Fx MLP：轮次130/300，标准化MSE=0.113944
2025-10-18 19:31:35,827 - INFO -   Fx MLP：轮次140/300，标准化MSE=0.113059
2025-10-18 19:31:56,681 - INFO -   Fx MLP：轮次150/300，标准化MSE=0.112182
2025-10-18 19:32:17,505 - INFO -   Fx MLP：轮次160/300，标准化MSE=0.109788
2025-10-18 19:32:38,311 - INFO -   Fx MLP：轮次170/300，标准化MSE=0.108576
2025-10-18 19:32:59,022 - INFO -   Fx MLP：轮次180/300，标准化MSE=0.106773
2025-10-18 19:33:19,851 - INFO -   Fx MLP：轮次190/300，标准化MSE=0.105606
2025-10-18 19:33:40,652 - INFO -   Fx MLP：轮次200/300，标准化MSE=0.105275
2025-10-18 19:34:01,434 - INFO -   Fx MLP：轮次210/300，标准化MSE=0.104377
2025-10-18 19:34:22,265 - INFO -   Fx MLP：轮次220/300，标准化MSE=0.103918
2025-10-18 19:34:43,080 - INFO -   Fx MLP：轮次230/300，标准化MSE=0.102118
2025-10-18 19:35:03,928 - INFO -   Fx MLP：轮次240/300，标准化MSE=0.101821
2025-10-18 19:35:24,812 - INFO -   Fx MLP：轮次250/300，标准化MSE=0.100486
2025-10-18 19:35:45,626 - INFO -   Fx MLP：轮次260/300，标准化MSE=0.099652
2025-10-18 19:36:06,436 - INFO -   Fx MLP：轮次270/300，标准化MSE=0.098640
2025-10-18 19:36:27,269 - INFO -   Fx MLP：轮次280/300，标准化MSE=0.099818
2025-10-18 19:36:48,048 - INFO -   Fx MLP：轮次290/300，标准化MSE=0.096599
2025-10-18 19:37:08,822 - INFO -   Fx MLP：轮次300/300，标准化MSE=0.097466
2025-10-18 19:37:08,876 - INFO - Fx-MLP 训练误差：MSE=0.023996 (N²)，RMSE=0.154905 N，R²=0.889347
2025-10-18 19:37:29,730 - INFO -   Fy MLP：轮次10/300，标准化MSE=0.111397
2025-10-18 19:37:50,596 - INFO -   Fy MLP：轮次20/300，标准化MSE=0.085306
2025-10-18 19:38:11,451 - INFO -   Fy MLP：轮次30/300，标准化MSE=0.071737
2025-10-18 19:38:32,283 - INFO -   Fy MLP：轮次40/300，标准化MSE=0.063822
2025-10-18 19:38:53,160 - INFO -   Fy MLP：轮次50/300，标准化MSE=0.059051
2025-10-18 19:39:14,025 - INFO -   Fy MLP：轮次60/300，标准化MSE=0.054493
2025-10-18 19:39:34,860 - INFO -   Fy MLP：轮次70/300，标准化MSE=0.052520
2025-10-18 19:39:55,739 - INFO -   Fy MLP：轮次80/300，标准化MSE=0.050939
2025-10-18 19:40:16,612 - INFO -   Fy MLP：轮次90/300，标准化MSE=0.048798
2025-10-18 19:40:37,450 - INFO -   Fy MLP：轮次100/300，标准化MSE=0.046697
2025-10-18 19:40:58,349 - INFO -   Fy MLP：轮次110/300，标准化MSE=0.045427
2025-10-18 19:41:19,138 - INFO -   Fy MLP：轮次120/300，标准化MSE=0.043518
2025-10-18 19:41:39,970 - INFO -   Fy MLP：轮次130/300，标准化MSE=0.043151
2025-10-18 19:42:00,793 - INFO -   Fy MLP：轮次140/300，标准化MSE=0.041606
2025-10-18 19:42:21,577 - INFO -   Fy MLP：轮次150/300，标准化MSE=0.041144
2025-10-18 19:42:42,426 - INFO -   Fy MLP：轮次160/300，标准化MSE=0.040050
2025-10-18 19:43:03,267 - INFO -   Fy MLP：轮次170/300，标准化MSE=0.038940
2025-10-18 19:43:24,083 - INFO -   Fy MLP：轮次180/300，标准化MSE=0.038212
2025-10-18 19:43:44,915 - INFO -   Fy MLP：轮次190/300，标准化MSE=0.038100
2025-10-18 19:44:05,752 - INFO -   Fy MLP：轮次200/300，标准化MSE=0.037391
2025-10-18 19:44:26,595 - INFO -   Fy MLP：轮次210/300，标准化MSE=0.036921
2025-10-18 19:44:47,416 - INFO -   Fy MLP：轮次220/300，标准化MSE=0.036618
2025-10-18 19:45:08,276 - INFO -   Fy MLP：轮次230/300，标准化MSE=0.036317
2025-10-18 19:45:29,175 - INFO -   Fy MLP：轮次240/300，标准化MSE=0.035757
2025-10-18 19:45:50,038 - INFO -   Fy MLP：轮次250/300，标准化MSE=0.035970
2025-10-18 19:46:10,905 - INFO -   Fy MLP：轮次260/300，标准化MSE=0.035055
2025-10-18 19:46:31,743 - INFO -   Fy MLP：轮次270/300，标准化MSE=0.034787
2025-10-18 19:46:52,554 - INFO -   Fy MLP：轮次280/300，标准化MSE=0.034722
2025-10-18 19:47:13,471 - INFO -   Fy MLP：轮次290/300，标准化MSE=0.034892
2025-10-18 19:47:34,264 - INFO -   Fy MLP：轮次300/300，标准化MSE=0.034099
2025-10-18 19:47:34,313 - INFO - Fy-MLP 训练误差：MSE=0.007729 (N²)，RMSE=0.087917 N，R²=0.963673
2025-10-18 19:47:55,096 - INFO -   Fz MLP：轮次10/300，标准化MSE=0.066132
2025-10-18 19:48:15,858 - INFO -   Fz MLP：轮次20/300，标准化MSE=0.054312
2025-10-18 19:48:36,678 - INFO -   Fz MLP：轮次30/300，标准化MSE=0.048198
2025-10-18 19:48:57,443 - INFO -   Fz MLP：轮次40/300，标准化MSE=0.044880
2025-10-18 19:49:18,202 - INFO -   Fz MLP：轮次50/300，标准化MSE=0.042432
2025-10-18 19:49:38,937 - INFO -   Fz MLP：轮次60/300，标准化MSE=0.040584
2025-10-18 19:49:59,693 - INFO -   Fz MLP：轮次70/300，标准化MSE=0.038999
2025-10-18 19:50:20,459 - INFO -   Fz MLP：轮次80/300，标准化MSE=0.037221
2025-10-18 19:50:41,269 - INFO -   Fz MLP：轮次90/300，标准化MSE=0.035892
2025-10-18 19:51:02,058 - INFO -   Fz MLP：轮次100/300，标准化MSE=0.035078
2025-10-18 19:51:22,830 - INFO -   Fz MLP：轮次110/300，标准化MSE=0.033462
2025-10-18 19:51:43,548 - INFO -   Fz MLP：轮次120/300，标准化MSE=0.032615
2025-10-18 19:52:04,319 - INFO -   Fz MLP：轮次130/300，标准化MSE=0.031215
2025-10-18 19:52:25,113 - INFO -   Fz MLP：轮次140/300，标准化MSE=0.030141
2025-10-18 19:52:45,875 - INFO -   Fz MLP：轮次150/300，标准化MSE=0.029502
2025-10-18 19:53:06,656 - INFO -   Fz MLP：轮次160/300，标准化MSE=0.028777
2025-10-18 19:53:27,397 - INFO -   Fz MLP：轮次170/300，标准化MSE=0.028516
2025-10-18 19:53:48,166 - INFO -   Fz MLP：轮次180/300，标准化MSE=0.027932
2025-10-18 19:54:08,908 - INFO -   Fz MLP：轮次190/300，标准化MSE=0.027494
2025-10-18 19:54:29,638 - INFO -   Fz MLP：轮次200/300，标准化MSE=0.026997
2025-10-18 19:54:50,355 - INFO -   Fz MLP：轮次210/300，标准化MSE=0.026807
2025-10-18 19:55:11,228 - INFO -   Fz MLP：轮次220/300，标准化MSE=0.026129
2025-10-18 19:55:31,973 - INFO -   Fz MLP：轮次230/300，标准化MSE=0.025741
2025-10-18 19:55:52,703 - INFO -   Fz MLP：轮次240/300，标准化MSE=0.025574
2025-10-18 19:56:13,498 - INFO -   Fz MLP：轮次250/300，标准化MSE=0.025327
2025-10-18 19:56:34,234 - INFO -   Fz MLP：轮次260/300，标准化MSE=0.024872
2025-10-18 19:56:55,026 - INFO -   Fz MLP：轮次270/300，标准化MSE=0.024569
2025-10-18 19:57:15,802 - INFO -   Fz MLP：轮次280/300，标准化MSE=0.024694
2025-10-18 19:57:36,604 - INFO -   Fz MLP：轮次290/300，标准化MSE=0.024155
2025-10-18 19:57:57,402 - INFO -   Fz MLP：轮次300/300，标准化MSE=0.024354
2025-10-18 19:57:57,450 - INFO - Fz-MLP 训练误差：MSE=0.065602 (N²)，RMSE=0.256129 N，R²=0.974945
2025-10-18 19:57:57,451 - INFO - MLP模型训练完成
2025-10-18 19:57:57,451 - INFO - 
====== 训练LSTM模型 ======
2025-10-18 19:57:57,451 - INFO - LSTM模型配置：
2025-10-18 19:57:57,451 - INFO -   时序窗口长度：50（对应50ms，采样率1000Hz）
2025-10-18 19:57:57,451 - INFO -   输入层维度：4（传感器数量）
2025-10-18 19:57:57,451 - INFO -   LSTM层数：2层
2025-10-18 19:57:57,451 - INFO -   隐藏层维度：64
2025-10-18 19:57:57,452 - INFO -   输出层维度：1（单个力分量）
2025-10-18 19:57:57,452 - INFO -   训练参数：epochs=200，batch_size=128，学习率=0.0001
2025-10-18 19:58:50,282 - INFO -   Fx LSTM：轮次10/200，标准化MSE=0.114784
2025-10-18 19:59:43,112 - INFO -   Fx LSTM：轮次20/200，标准化MSE=0.069478
2025-10-18 20:00:36,289 - INFO -   Fx LSTM：轮次30/200，标准化MSE=0.039654
2025-10-18 20:01:29,138 - INFO -   Fx LSTM：轮次40/200，标准化MSE=0.029866
2025-10-18 20:02:21,953 - INFO -   Fx LSTM：轮次50/200，标准化MSE=0.020518
2025-10-18 20:03:14,733 - INFO -   Fx LSTM：轮次60/200，标准化MSE=0.014139
2025-10-18 20:04:07,577 - INFO -   Fx LSTM：轮次70/200，标准化MSE=0.011395
2025-10-18 20:05:00,420 - INFO -   Fx LSTM：轮次80/200，标准化MSE=0.010936
2025-10-18 20:05:53,713 - INFO -   Fx LSTM：轮次90/200，标准化MSE=0.010577
2025-10-18 20:06:46,539 - INFO -   Fx LSTM：轮次100/200，标准化MSE=0.008556
2025-10-18 20:07:39,356 - INFO -   Fx LSTM：轮次110/200，标准化MSE=0.008799
2025-10-18 20:08:32,171 - INFO -   Fx LSTM：轮次120/200，标准化MSE=0.007049
2025-10-18 20:09:25,082 - INFO -   Fx LSTM：轮次130/200，标准化MSE=0.005607
2025-10-18 20:10:17,883 - INFO -   Fx LSTM：轮次140/200，标准化MSE=0.005599
2025-10-18 20:11:10,956 - INFO -   Fx LSTM：轮次150/200，标准化MSE=0.008108
2025-10-18 20:12:03,730 - INFO -   Fx LSTM：轮次160/200，标准化MSE=0.005321
2025-10-18 20:12:56,462 - INFO -   Fx LSTM：轮次170/200，标准化MSE=0.005286
2025-10-18 20:13:49,253 - INFO -   Fx LSTM：轮次180/200，标准化MSE=0.005834
2025-10-18 20:14:42,021 - INFO -   Fx LSTM：轮次190/200，标准化MSE=0.006459
2025-10-18 20:15:34,865 - INFO -   Fx LSTM：轮次200/200，标准化MSE=0.004231
2025-10-18 20:15:34,866 - INFO -   Fx LSTM：开始分批次计算训练误差
2025-10-18 20:15:36,707 - INFO - Fx-LSTM 训练误差：MSE=0.000821 (N²)，RMSE=0.028660 N，R²=0.996213
2025-10-18 20:16:29,558 - INFO -   Fy LSTM：轮次10/200，标准化MSE=0.058437
2025-10-18 20:17:22,389 - INFO -   Fy LSTM：轮次20/200，标准化MSE=0.028882
2025-10-18 20:18:15,141 - INFO -   Fy LSTM：轮次30/200，标准化MSE=0.018628
2025-10-18 20:19:08,316 - INFO -   Fy LSTM：轮次40/200，标准化MSE=0.014498
2025-10-18 20:20:01,164 - INFO -   Fy LSTM：轮次50/200，标准化MSE=0.014541
2025-10-18 20:20:55,367 - INFO -   Fy LSTM：轮次60/200，标准化MSE=0.008283
2025-10-18 20:21:48,174 - INFO -   Fy LSTM：轮次70/200，标准化MSE=0.006793
2025-10-18 20:22:40,995 - INFO -   Fy LSTM：轮次80/200，标准化MSE=0.006364
2025-10-18 20:23:33,799 - INFO -   Fy LSTM：轮次90/200，标准化MSE=0.005662
2025-10-18 20:24:26,828 - INFO -   Fy LSTM：轮次100/200，标准化MSE=0.005069
2025-10-18 20:25:19,797 - INFO -   Fy LSTM：轮次110/200，标准化MSE=0.005154
2025-10-18 20:26:12,592 - INFO -   Fy LSTM：轮次120/200，标准化MSE=0.004028
2025-10-18 20:27:05,395 - INFO -   Fy LSTM：轮次130/200，标准化MSE=0.005388
2025-10-18 20:27:58,123 - INFO -   Fy LSTM：轮次140/200，标准化MSE=0.003939
2025-10-18 20:28:50,896 - INFO -   Fy LSTM：轮次150/200，标准化MSE=0.004112
2025-10-18 20:29:43,635 - INFO -   Fy LSTM：轮次160/200，标准化MSE=0.003228
2025-10-18 20:30:36,456 - INFO -   Fy LSTM：轮次170/200，标准化MSE=0.002758
2025-10-18 20:31:29,825 - INFO -   Fy LSTM：轮次180/200，标准化MSE=0.003076
2025-10-18 20:32:22,545 - INFO -   Fy LSTM：轮次190/200，标准化MSE=0.003582
2025-10-18 20:33:16,595 - INFO -   Fy LSTM：轮次200/200，标准化MSE=0.002906
2025-10-18 20:33:16,596 - INFO -   Fy LSTM：开始分批次计算训练误差
2025-10-18 20:33:18,422 - INFO - Fy-LSTM 训练误差：MSE=0.000572 (N²)，RMSE=0.023922 N，R²=0.997311
2025-10-18 20:34:11,228 - INFO -   Fz LSTM：轮次10/200，标准化MSE=0.031921
2025-10-18 20:35:04,046 - INFO -   Fz LSTM：轮次20/200，标准化MSE=0.020216
2025-10-18 20:35:56,927 - INFO -   Fz LSTM：轮次30/200，标准化MSE=0.016647
2025-10-18 20:36:49,747 - INFO -   Fz LSTM：轮次40/200，标准化MSE=0.017422
2025-10-18 20:37:42,523 - INFO -   Fz LSTM：轮次50/200，标准化MSE=0.010716
2025-10-18 20:38:35,425 - INFO -   Fz LSTM：轮次60/200，标准化MSE=0.010178
2025-10-18 20:39:28,691 - INFO -   Fz LSTM：轮次70/200，标准化MSE=0.009009
2025-10-18 20:40:21,932 - INFO -   Fz LSTM：轮次80/200，标准化MSE=0.008418
2025-10-18 20:41:15,482 - INFO -   Fz LSTM：轮次90/200，标准化MSE=0.008286
2025-10-18 20:42:08,185 - INFO -   Fz LSTM：轮次100/200，标准化MSE=0.008385
2025-10-18 20:43:00,971 - INFO -   Fz LSTM：轮次110/200，标准化MSE=0.007371
2025-10-18 20:43:53,775 - INFO -   Fz LSTM：轮次120/200，标准化MSE=0.006972
2025-10-18 20:44:46,616 - INFO -   Fz LSTM：轮次130/200，标准化MSE=0.006536
2025-10-18 20:45:39,537 - INFO -   Fz LSTM：轮次140/200，标准化MSE=0.006781
2025-10-18 20:46:32,599 - INFO -   Fz LSTM：轮次150/200，标准化MSE=0.005893
2025-10-18 20:47:25,583 - INFO -   Fz LSTM：轮次160/200，标准化MSE=0.006231
2025-10-18 20:48:18,600 - INFO -   Fz LSTM：轮次170/200，标准化MSE=0.005269
2025-10-18 20:49:11,682 - INFO -   Fz LSTM：轮次180/200，标准化MSE=0.005290
2025-10-18 20:50:04,651 - INFO -   Fz LSTM：轮次190/200，标准化MSE=0.005455
2025-10-18 20:50:57,650 - INFO -   Fz LSTM：轮次200/200，标准化MSE=0.006685
2025-10-18 20:50:57,650 - INFO -   Fz LSTM：开始分批次计算训练误差
2025-10-18 20:50:59,485 - INFO - Fz-LSTM 训练误差：MSE=0.009947 (N²)，RMSE=0.099735 N，R²=0.996201
2025-10-18 20:50:59,487 - INFO - LSTM模型训练完成
2025-10-18 20:50:59,494 - INFO - MLP模型保存完成：force_models_20251018_192640\mlp_models
2025-10-18 20:50:59,497 - INFO - LSTM模型保存完成：force_models_20251018_192640\lstm_models
2025-10-18 20:50:59,498 - INFO - 最小二乘系数保存完成：sensor_calibration_raw.json
2025-10-18 20:50:59,498 - INFO - 
====== 训练模式：全局预测与误差对比 ======
2025-10-18 20:51:18,659 - INFO - 最小二乘预测完成：平均时间0.0436ms（多项式度数4）
2025-10-18 20:51:18,743 - INFO - MLP预测完成：平均时间0.0002ms
2025-10-18 20:51:19,116 - INFO - LSTM分批次预测：批次大小=128，总序列数=439452
2025-10-18 20:51:24,381 - INFO - LSTM预测完成：平均时间0.0128ms（时序窗口50，批次128）
2025-10-18 20:51:24,435 - INFO - 
Fx-最小二乘：MSE=0.119847 (N²)，RMSE=0.346190 N，R²=0.447335
2025-10-18 20:51:24,453 - INFO - 
Fy-最小二乘：MSE=0.148474 (N²)，RMSE=0.385323 N，R²=0.302197
2025-10-18 20:51:24,471 - INFO - 
Fz-最小二乘：MSE=0.313093 (N²)，RMSE=0.559547 N，R²=0.880420
2025-10-18 20:51:24,489 - INFO - 
Fx-MLP：MSE=0.023996 (N²)，RMSE=0.154905 N，R²=0.889347
2025-10-18 20:51:24,507 - INFO - 
Fy-MLP：MSE=0.007729 (N²)，RMSE=0.087917 N，R²=0.963673
2025-10-18 20:51:24,526 - INFO - 
Fz-MLP：MSE=0.065602 (N²)，RMSE=0.256129 N，R²=0.974945
2025-10-18 20:51:24,545 - INFO - 
Fx-LSTM：MSE=0.000822 (N²)，RMSE=0.028665 N，R²=0.996211
2025-10-18 20:51:24,563 - INFO - 
Fy-LSTM：MSE=0.000572 (N²)，RMSE=0.023921 N，R²=0.997311
2025-10-18 20:51:24,581 - INFO - 
Fz-LSTM：MSE=0.009946 (N²)，RMSE=0.099729 N，R²=0.996201
2025-10-18 20:51:24,581 - INFO - 
====== 预测时间对比 ======
2025-10-18 20:51:24,581 - INFO - 最小二乘：平均单次预测时间=43597纳秒（0.0436ms）
2025-10-18 20:51:24,581 - INFO - MLP：平均单次预测时间=189纳秒（0.0002ms）
2025-10-18 20:51:24,581 - INFO - LSTM：平均单次预测时间=12830纳秒（0.0128ms）
2025-10-18 20:51:26,689 - INFO - 时序对比图保存完成：force_time_contrast.png
2025-10-18 20:51:59,742 - INFO - 散点对比图保存完成：force_scatter_contrast.png
2025-10-18 20:52:17,226 - INFO - 
====== 训练模式完成！所有结果保存至：force_models_20251018_192640 ======
