2025-10-19 16:46:20,746 - INFO - 日志系统初始化完成（训练模式），日志文件：force_models_20251019_164620/training_log.log
2025-10-19 16:46:20,746 - INFO - 模型保存目录：force_models_20251019_164620
2025-10-19 16:46:20,763 - INFO - 
====== 开始训练模式（使用cuda设备）======
2025-10-19 16:46:20,763 - INFO - === 训练超参数（全部来自全局宏定义） ===
2025-10-19 16:46:20,763 - INFO - MLP：隐藏层神经元(10, 10) | 轮次300 | 学习率0.002 | 批次2048
2025-10-19 16:46:20,763 - INFO - LSTM：输入维度4 | 隐藏维度16 | 层数1 | 轮次200 | 学习率0.0002 | 批次2048 | 窗口50ms
2025-10-19 16:46:20,764 - INFO - 最小二乘：多项式度数4
2025-10-19 16:46:20,918 - INFO - 已读取train数据文件：C:/Users/Admin/Desktop/CubeMX_proj/Routine_acq_raw_data_8x8/8x8_data_calibration/aligned_data3.csv，数据形状：(439501, 7)
2025-10-19 16:46:21,338 - INFO - LSTM时序数据构建完成：序列特征(439452, 50, 4)，序列目标(439452, 3)（窗口大小50）
2025-10-19 16:46:21,784 - INFO - 
====== 训练最小二乘模型 ======
2025-10-19 16:46:21,785 - INFO - 最小二乘多项式特征配置：度数=4
2025-10-19 16:46:21,864 - INFO - Fx-最小二乘 训练误差：MSE=0.119847 (N²)，RMSE=0.346190 N，R²=0.447335
2025-10-19 16:46:21,902 - INFO - Fy-最小二乘 训练误差：MSE=0.148474 (N²)，RMSE=0.385323 N，R²=0.302197
2025-10-19 16:46:21,944 - INFO - Fz-最小二乘 训练误差：MSE=0.313093 (N²)，RMSE=0.559547 N，R²=0.880420
2025-10-19 16:46:21,944 - INFO - 最小二乘模型训练完成
2025-10-19 16:46:21,944 - INFO - 
====== 训练MLP模型 ======
2025-10-19 16:46:21,944 - INFO - MLP模型配置：
2025-10-19 16:46:21,944 - INFO -   输入层维度：4（传感器数量）
2025-10-19 16:46:21,944 - INFO -   隐藏层数量：2层
2025-10-19 16:46:21,944 - INFO -   各层神经元数：(10, 10)
2025-10-19 16:46:21,945 - INFO -   输出层维度：1（单个力分量）
2025-10-19 16:46:21,945 - INFO -   训练参数：epochs=300，batch_size=2048，学习率=0.002
2025-10-19 16:46:40,428 - INFO -   Fx MLP：轮次10/300，标准化MSE=0.332133
2025-10-19 16:46:58,054 - INFO -   Fx MLP：轮次20/300，标准化MSE=0.299279
2025-10-19 16:47:15,524 - INFO -   Fx MLP：轮次30/300，标准化MSE=0.289956
2025-10-19 16:47:33,142 - INFO -   Fx MLP：轮次40/300，标准化MSE=0.284562
2025-10-19 16:47:50,807 - INFO -   Fx MLP：轮次50/300，标准化MSE=0.282619
2025-10-19 16:48:08,424 - INFO -   Fx MLP：轮次60/300，标准化MSE=0.280915
2025-10-19 16:48:26,096 - INFO -   Fx MLP：轮次70/300，标准化MSE=0.277439
2025-10-19 16:48:43,639 - INFO -   Fx MLP：轮次80/300，标准化MSE=0.274440
2025-10-19 16:49:01,209 - INFO -   Fx MLP：轮次90/300，标准化MSE=0.272984
2025-10-19 16:49:18,830 - INFO -   Fx MLP：轮次100/300，标准化MSE=0.271416
2025-10-19 16:49:36,293 - INFO -   Fx MLP：轮次110/300，标准化MSE=0.270028
2025-10-19 16:49:53,839 - INFO -   Fx MLP：轮次120/300，标准化MSE=0.269355
2025-10-19 16:50:11,426 - INFO -   Fx MLP：轮次130/300，标准化MSE=0.268952
2025-10-19 16:50:29,053 - INFO -   Fx MLP：轮次140/300，标准化MSE=0.267763
2025-10-19 16:50:46,755 - INFO -   Fx MLP：轮次150/300，标准化MSE=0.267024
2025-10-19 16:51:04,343 - INFO -   Fx MLP：轮次160/300，标准化MSE=0.265972
2025-10-19 16:51:21,934 - INFO -   Fx MLP：轮次170/300，标准化MSE=0.266200
2025-10-19 16:51:39,527 - INFO -   Fx MLP：轮次180/300，标准化MSE=0.264948
2025-10-19 16:51:56,984 - INFO -   Fx MLP：轮次190/300，标准化MSE=0.265056
2025-10-19 16:52:14,526 - INFO -   Fx MLP：轮次200/300，标准化MSE=0.264048
2025-10-19 16:52:32,147 - INFO -   Fx MLP：轮次210/300，标准化MSE=0.264399
2025-10-19 16:52:49,781 - INFO -   Fx MLP：轮次220/300，标准化MSE=0.263323
2025-10-19 16:53:07,419 - INFO -   Fx MLP：轮次230/300，标准化MSE=0.263027
2025-10-19 16:53:24,941 - INFO -   Fx MLP：轮次240/300，标准化MSE=0.260316
2025-10-19 16:53:42,514 - INFO -   Fx MLP：轮次250/300，标准化MSE=0.259853
2025-10-19 16:54:00,076 - INFO -   Fx MLP：轮次260/300，标准化MSE=0.257757
2025-10-19 16:54:17,567 - INFO -   Fx MLP：轮次270/300，标准化MSE=0.256288
2025-10-19 16:54:35,092 - INFO -   Fx MLP：轮次280/300，标准化MSE=0.255207
2025-10-19 16:54:52,709 - INFO -   Fx MLP：轮次290/300，标准化MSE=0.250714
2025-10-19 16:55:10,315 - INFO -   Fx MLP：轮次300/300，标准化MSE=0.246750
2025-10-19 16:55:10,337 - INFO - Fx-MLP 训练误差：MSE=0.053334 (N²)，RMSE=0.230942 N，R²=0.754053
2025-10-19 16:55:27,987 - INFO -   Fy MLP：轮次10/300，标准化MSE=0.286414
2025-10-19 16:55:45,535 - INFO -   Fy MLP：轮次20/300，标准化MSE=0.247222
2025-10-19 16:56:03,106 - INFO -   Fy MLP：轮次30/300，标准化MSE=0.229242
2025-10-19 16:56:20,769 - INFO -   Fy MLP：轮次40/300，标准化MSE=0.214974
2025-10-19 16:56:38,222 - INFO -   Fy MLP：轮次50/300，标准化MSE=0.208310
2025-10-19 16:56:55,787 - INFO -   Fy MLP：轮次60/300，标准化MSE=0.203750
2025-10-19 16:57:13,466 - INFO -   Fy MLP：轮次70/300，标准化MSE=0.200244
2025-10-19 16:57:31,096 - INFO -   Fy MLP：轮次80/300，标准化MSE=0.196746
2025-10-19 16:57:48,740 - INFO -   Fy MLP：轮次90/300，标准化MSE=0.192848
2025-10-19 16:58:06,253 - INFO -   Fy MLP：轮次100/300，标准化MSE=0.189820
2025-10-19 16:58:23,845 - INFO -   Fy MLP：轮次110/300，标准化MSE=0.188066
2025-10-19 16:58:41,537 - INFO -   Fy MLP：轮次120/300，标准化MSE=0.186984
2025-10-19 16:58:59,026 - INFO -   Fy MLP：轮次130/300，标准化MSE=0.185900
2025-10-19 16:59:16,595 - INFO -   Fy MLP：轮次140/300，标准化MSE=0.183235
2025-10-19 16:59:34,243 - INFO -   Fy MLP：轮次150/300，标准化MSE=0.181190
2025-10-19 16:59:51,870 - INFO -   Fy MLP：轮次160/300，标准化MSE=0.180243
2025-10-19 17:00:09,558 - INFO -   Fy MLP：轮次170/300，标准化MSE=0.179303
2025-10-19 17:00:27,027 - INFO -   Fy MLP：轮次180/300，标准化MSE=0.179115
2025-10-19 17:00:44,623 - INFO -   Fy MLP：轮次190/300，标准化MSE=0.178757
2025-10-19 17:01:02,247 - INFO -   Fy MLP：轮次200/300，标准化MSE=0.178776
2025-10-19 17:01:19,713 - INFO -   Fy MLP：轮次210/300，标准化MSE=0.178487
2025-10-19 17:01:37,336 - INFO -   Fy MLP：轮次220/300，标准化MSE=0.177861
2025-10-19 17:01:54,926 - INFO -   Fy MLP：轮次230/300，标准化MSE=0.177570
2025-10-19 17:02:12,549 - INFO -   Fy MLP：轮次240/300，标准化MSE=0.176094
2025-10-19 17:02:30,234 - INFO -   Fy MLP：轮次250/300，标准化MSE=0.175176
2025-10-19 17:02:47,727 - INFO -   Fy MLP：轮次260/300，标准化MSE=0.174372
2025-10-19 17:03:05,319 - INFO -   Fy MLP：轮次270/300，标准化MSE=0.173672
2025-10-19 17:03:22,972 - INFO -   Fy MLP：轮次280/300，标准化MSE=0.169171
2025-10-19 17:03:40,418 - INFO -   Fy MLP：轮次290/300，标准化MSE=0.167173
2025-10-19 17:03:57,990 - INFO -   Fy MLP：轮次300/300，标准化MSE=0.166153
2025-10-19 17:03:58,009 - INFO - Fy-MLP 训练误差：MSE=0.035139 (N²)，RMSE=0.187454 N，R²=0.834853
2025-10-19 17:04:15,757 - INFO -   Fz MLP：轮次10/300，标准化MSE=0.098909
2025-10-19 17:04:33,272 - INFO -   Fz MLP：轮次20/300，标准化MSE=0.093069
2025-10-19 17:04:51,022 - INFO -   Fz MLP：轮次30/300，标准化MSE=0.090628
2025-10-19 17:05:08,550 - INFO -   Fz MLP：轮次40/300，标准化MSE=0.088895
2025-10-19 17:05:26,285 - INFO -   Fz MLP：轮次50/300，标准化MSE=0.086768
2025-10-19 17:05:43,904 - INFO -   Fz MLP：轮次60/300，标准化MSE=0.084619
2025-10-19 17:06:01,702 - INFO -   Fz MLP：轮次70/300，标准化MSE=0.083381
2025-10-19 17:06:19,180 - INFO -   Fz MLP：轮次80/300，标准化MSE=0.082919
2025-10-19 17:06:36,972 - INFO -   Fz MLP：轮次90/300，标准化MSE=0.082873
2025-10-19 17:06:54,549 - INFO -   Fz MLP：轮次100/300，标准化MSE=0.082346
2025-10-19 17:07:12,176 - INFO -   Fz MLP：轮次110/300，标准化MSE=0.082188
2025-10-19 17:07:29,870 - INFO -   Fz MLP：轮次120/300，标准化MSE=0.081663
2025-10-19 17:07:47,468 - INFO -   Fz MLP：轮次130/300，标准化MSE=0.080812
2025-10-19 17:08:05,047 - INFO -   Fz MLP：轮次140/300，标准化MSE=0.080743
2025-10-19 17:08:22,760 - INFO -   Fz MLP：轮次150/300，标准化MSE=0.080452
2025-10-19 17:08:40,462 - INFO -   Fz MLP：轮次160/300，标准化MSE=0.080346
2025-10-19 17:08:58,111 - INFO -   Fz MLP：轮次170/300，标准化MSE=0.079965
2025-10-19 17:09:15,839 - INFO -   Fz MLP：轮次180/300，标准化MSE=0.079700
2025-10-19 17:09:33,372 - INFO -   Fz MLP：轮次190/300，标准化MSE=0.079175
2025-10-19 17:09:51,120 - INFO -   Fz MLP：轮次200/300，标准化MSE=0.078798
2025-10-19 17:10:08,681 - INFO -   Fz MLP：轮次210/300，标准化MSE=0.078926
2025-10-19 17:10:26,431 - INFO -   Fz MLP：轮次220/300，标准化MSE=0.078534
2025-10-19 17:10:43,916 - INFO -   Fz MLP：轮次230/300，标准化MSE=0.078486
2025-10-19 17:11:01,656 - INFO -   Fz MLP：轮次240/300，标准化MSE=0.078458
2025-10-19 17:11:19,182 - INFO -   Fz MLP：轮次250/300，标准化MSE=0.078319
2025-10-19 17:11:36,931 - INFO -   Fz MLP：轮次260/300，标准化MSE=0.078310
2025-10-19 17:11:54,557 - INFO -   Fz MLP：轮次270/300，标准化MSE=0.078032
2025-10-19 17:12:12,321 - INFO -   Fz MLP：轮次280/300，标准化MSE=0.078038
2025-10-19 17:12:29,769 - INFO -   Fz MLP：轮次290/300，标准化MSE=0.077904
2025-10-19 17:12:47,529 - INFO -   Fz MLP：轮次300/300，标准化MSE=0.077770
2025-10-19 17:12:47,548 - INFO - Fz-MLP 训练误差：MSE=0.202439 (N²)，RMSE=0.449932 N，R²=0.922682
2025-10-19 17:12:47,548 - INFO - MLP模型训练完成
2025-10-19 17:12:47,548 - INFO - 
====== 训练LSTM模型 ======
2025-10-19 17:12:47,548 - INFO - LSTM模型配置：
2025-10-19 17:12:47,548 - INFO -   时序窗口长度：50（对应50ms，采样率1000Hz）
2025-10-19 17:12:47,548 - INFO -   输入层维度：4（传感器数量）
2025-10-19 17:12:47,548 - INFO -   LSTM层数：1层
2025-10-19 17:12:47,548 - INFO -   隐藏层维度：16
2025-10-19 17:12:47,548 - INFO -   输出层维度：1（单个力分量）
2025-10-19 17:12:47,549 - INFO -   训练参数：epochs=200，batch_size=2048，学习率=0.0002
2025-10-19 17:13:12,329 - INFO -   Fx LSTM：轮次10/200，标准化MSE=0.366272
2025-10-19 17:13:37,151 - INFO -   Fx LSTM：轮次20/200，标准化MSE=0.293009
2025-10-19 17:14:01,927 - INFO -   Fx LSTM：轮次30/200，标准化MSE=0.257215
2025-10-19 17:14:26,861 - INFO -   Fx LSTM：轮次40/200，标准化MSE=0.246553
2025-10-19 17:14:51,709 - INFO -   Fx LSTM：轮次50/200，标准化MSE=0.239497
2025-10-19 17:15:16,559 - INFO -   Fx LSTM：轮次60/200，标准化MSE=0.234093
2025-10-19 17:15:41,500 - INFO -   Fx LSTM：轮次70/200，标准化MSE=0.229136
2025-10-19 17:16:06,350 - INFO -   Fx LSTM：轮次80/200，标准化MSE=0.220223
2025-10-19 17:16:31,280 - INFO -   Fx LSTM：轮次90/200，标准化MSE=0.218201
2025-10-19 17:16:55,907 - INFO -   Fx LSTM：轮次100/200，标准化MSE=0.206932
2025-10-19 17:17:20,764 - INFO -   Fx LSTM：轮次110/200，标准化MSE=0.211284
2025-10-19 17:17:45,433 - INFO -   Fx LSTM：轮次120/200，标准化MSE=0.216778
2025-10-19 17:18:10,406 - INFO -   Fx LSTM：轮次130/200，标准化MSE=0.241537
2025-10-19 17:18:35,057 - INFO -   Fx LSTM：轮次140/200，标准化MSE=0.198057
2025-10-19 17:19:00,019 - INFO -   Fx LSTM：轮次150/200，标准化MSE=0.186792
2025-10-19 17:19:24,751 - INFO -   Fx LSTM：轮次160/200，标准化MSE=0.190252
2025-10-19 17:19:49,645 - INFO -   Fx LSTM：轮次170/200，标准化MSE=0.182492
2025-10-19 17:20:14,501 - INFO -   Fx LSTM：轮次180/200，标准化MSE=0.177439
2025-10-19 17:20:39,488 - INFO -   Fx LSTM：轮次190/200，标准化MSE=0.187295
2025-10-19 17:21:04,246 - INFO -   Fx LSTM：轮次200/200，标准化MSE=0.187382
2025-10-19 17:21:04,246 - INFO -   Fx LSTM：开始分批次计算训练误差
2025-10-19 17:21:05,015 - INFO - Fx-LSTM 训练误差：MSE=0.040608 (N²)，RMSE=0.201514 N，R²=0.812762
2025-10-19 17:21:29,967 - INFO -   Fy LSTM：轮次10/200，标准化MSE=0.335712
2025-10-19 17:21:54,984 - INFO -   Fy LSTM：轮次20/200，标准化MSE=0.238685
2025-10-19 17:22:20,083 - INFO -   Fy LSTM：轮次30/200，标准化MSE=0.183618
2025-10-19 17:22:45,107 - INFO -   Fy LSTM：轮次40/200，标准化MSE=0.144848
2025-10-19 17:23:10,102 - INFO -   Fy LSTM：轮次50/200，标准化MSE=0.130301
2025-10-19 17:23:34,931 - INFO -   Fy LSTM：轮次60/200，标准化MSE=0.125973
2025-10-19 17:23:59,844 - INFO -   Fy LSTM：轮次70/200，标准化MSE=0.114310
2025-10-19 17:24:24,671 - INFO -   Fy LSTM：轮次80/200，标准化MSE=0.109296
2025-10-19 17:24:49,701 - INFO -   Fy LSTM：轮次90/200，标准化MSE=0.104796
2025-10-19 17:25:14,540 - INFO -   Fy LSTM：轮次100/200，标准化MSE=0.110555
2025-10-19 17:25:39,519 - INFO -   Fy LSTM：轮次110/200，标准化MSE=0.106527
2025-10-19 17:26:04,569 - INFO -   Fy LSTM：轮次120/200，标准化MSE=0.108172
2025-10-19 17:26:29,419 - INFO -   Fy LSTM：轮次130/200，标准化MSE=0.158119
2025-10-19 17:26:54,411 - INFO -   Fy LSTM：轮次140/200，标准化MSE=0.111776
2025-10-19 17:27:19,459 - INFO -   Fy LSTM：轮次150/200，标准化MSE=0.105629
2025-10-19 17:27:44,418 - INFO -   Fy LSTM：轮次160/200，标准化MSE=0.095108
2025-10-19 17:28:09,520 - INFO -   Fy LSTM：轮次170/200，标准化MSE=0.095591
2025-10-19 17:28:34,387 - INFO -   Fy LSTM：轮次180/200，标准化MSE=0.091394
2025-10-19 17:28:59,496 - INFO -   Fy LSTM：轮次190/200，标准化MSE=0.093986
2025-10-19 17:29:24,400 - INFO -   Fy LSTM：轮次200/200，标准化MSE=0.086120
2025-10-19 17:29:24,400 - INFO -   Fy LSTM：开始分批次计算训练误差
2025-10-19 17:29:25,120 - INFO - Fy-LSTM 训练误差：MSE=0.018153 (N²)，RMSE=0.134733 N，R²=0.914694
2025-10-19 17:29:50,074 - INFO -   Fz LSTM：轮次10/200，标准化MSE=0.096454
2025-10-19 17:30:15,126 - INFO -   Fz LSTM：轮次20/200，标准化MSE=0.077334
2025-10-19 17:30:39,974 - INFO -   Fz LSTM：轮次30/200，标准化MSE=0.069445
2025-10-19 17:31:04,935 - INFO -   Fz LSTM：轮次40/200，标准化MSE=0.066999
2025-10-19 17:31:29,938 - INFO -   Fz LSTM：轮次50/200，标准化MSE=0.063538
2025-10-19 17:31:54,934 - INFO -   Fz LSTM：轮次60/200，标准化MSE=0.063223
2025-10-19 17:32:19,934 - INFO -   Fz LSTM：轮次70/200，标准化MSE=0.056491
2025-10-19 17:32:44,716 - INFO -   Fz LSTM：轮次80/200，标准化MSE=0.054113
2025-10-19 17:33:09,666 - INFO -   Fz LSTM：轮次90/200，标准化MSE=0.050327
2025-10-19 17:33:34,457 - INFO -   Fz LSTM：轮次100/200，标准化MSE=0.048609
2025-10-19 17:33:59,483 - INFO -   Fz LSTM：轮次110/200，标准化MSE=0.047077
2025-10-19 17:34:24,443 - INFO -   Fz LSTM：轮次120/200，标准化MSE=0.047317
2025-10-19 17:34:49,484 - INFO -   Fz LSTM：轮次130/200，标准化MSE=0.046288
2025-10-19 17:35:14,517 - INFO -   Fz LSTM：轮次140/200，标准化MSE=0.046114
2025-10-19 17:35:39,557 - INFO -   Fz LSTM：轮次150/200，标准化MSE=0.044909
2025-10-19 17:36:04,382 - INFO -   Fz LSTM：轮次160/200，标准化MSE=0.043969
2025-10-19 17:36:29,442 - INFO -   Fz LSTM：轮次170/200，标准化MSE=0.045624
2025-10-19 17:36:54,511 - INFO -   Fz LSTM：轮次180/200，标准化MSE=0.043353
2025-10-19 17:37:19,485 - INFO -   Fz LSTM：轮次190/200，标准化MSE=0.046585
2025-10-19 17:37:44,390 - INFO -   Fz LSTM：轮次200/200，标准化MSE=0.048398
2025-10-19 17:37:44,390 - INFO -   Fz LSTM：开始分批次计算训练误差
2025-10-19 17:37:45,177 - INFO - Fz-LSTM 训练误差：MSE=0.121588 (N²)，RMSE=0.348694 N，R²=0.953565
2025-10-19 17:37:45,179 - INFO - LSTM模型训练完成
2025-10-19 17:37:45,186 - INFO - MLP模型保存完成：force_models_20251019_164620\mlp_models
2025-10-19 17:37:45,189 - INFO - LSTM模型保存完成：force_models_20251019_164620\lstm_models
2025-10-19 17:37:45,190 - INFO - 最小二乘系数保存完成：sensor_calibration_raw.json
2025-10-19 17:37:45,190 - INFO - 
====== 训练模式：全局预测与误差对比 ======
2025-10-19 17:38:04,085 - INFO - 最小二乘预测完成：平均时间0.0430ms（多项式度数4）
2025-10-19 17:38:04,148 - INFO - MLP预测完成：平均时间0.0001ms
2025-10-19 17:38:04,522 - INFO - LSTM分批次预测：批次大小=2048，总序列数=439452
2025-10-19 17:38:07,116 - INFO - LSTM预测完成：平均时间0.0068ms（时序窗口50，批次2048）
2025-10-19 17:38:07,169 - INFO - 
Fx-最小二乘：MSE=0.119847 (N²)，RMSE=0.346190 N，R²=0.447335
2025-10-19 17:38:07,187 - INFO - 
Fy-最小二乘：MSE=0.148474 (N²)，RMSE=0.385323 N，R²=0.302197
2025-10-19 17:38:07,205 - INFO - 
Fz-最小二乘：MSE=0.313093 (N²)，RMSE=0.559547 N，R²=0.880420
2025-10-19 17:38:07,222 - INFO - 
Fx-MLP：MSE=0.053334 (N²)，RMSE=0.230942 N，R²=0.754053
2025-10-19 17:38:07,237 - INFO - 
Fy-MLP：MSE=0.035139 (N²)，RMSE=0.187454 N，R²=0.834853
2025-10-19 17:38:07,254 - INFO - 
Fz-MLP：MSE=0.202439 (N²)，RMSE=0.449932 N，R²=0.922682
2025-10-19 17:38:07,270 - INFO - 
Fx-LSTM：MSE=0.040604 (N²)，RMSE=0.201503 N，R²=0.812760
2025-10-19 17:38:07,286 - INFO - 
Fy-LSTM：MSE=0.018151 (N²)，RMSE=0.134725 N，R²=0.914693
2025-10-19 17:38:07,301 - INFO - 
Fz-LSTM：MSE=0.121574 (N²)，RMSE=0.348675 N，R²=0.953567
2025-10-19 17:38:07,301 - INFO - 
====== 预测时间对比 ======
2025-10-19 17:38:07,302 - INFO - 最小二乘：平均单次预测时间=42989纳秒（0.0430ms）
2025-10-19 17:38:07,302 - INFO - MLP：平均单次预测时间=144纳秒（0.0001ms）
2025-10-19 17:38:07,302 - INFO - LSTM：平均单次预测时间=6754纳秒（0.0068ms）
2025-10-19 17:38:09,398 - INFO - 时序对比图保存完成：force_time_contrast.png
2025-10-19 21:46:56,781 - INFO - 散点对比图保存完成：force_scatter_contrast.png
2025-10-19 21:47:50,794 - INFO - 
====== 训练模式完成！所有结果保存至：force_models_20251019_164620 ======
