2025-10-18 20:52:56,819 - INFO - 日志系统初始化完成（训练模式），日志文件：force_models_20251018_205256/training_log.log
2025-10-18 20:52:56,819 - INFO - 模型保存目录：force_models_20251018_205256
2025-10-18 20:52:56,844 - INFO - 
====== 开始训练模式（使用cuda设备）======
2025-10-18 20:52:56,845 - INFO - === 训练超参数（全部来自全局宏定义） ===
2025-10-18 20:52:56,845 - INFO - MLP：隐藏层神经元(40, 20, 10) | 轮次300 | 学习率0.001 | 批次512
2025-10-18 20:52:56,845 - INFO - LSTM：输入维度4 | 隐藏维度64 | 层数2 | 轮次200 | 学习率0.0001 | 批次128 | 窗口50ms
2025-10-18 20:52:56,845 - INFO - 最小二乘：多项式度数4
2025-10-18 20:52:56,905 - INFO - 已读取train数据文件：C:/Users/Admin/Desktop/CubeMX_proj/Routine_acq_raw_data_8x8/8x8_data_calibration/aligned_data2.csv，数据形状：(197866, 7)
2025-10-18 20:52:57,094 - INFO - LSTM时序数据构建完成：序列特征(197817, 50, 4)，序列目标(197817, 3)（窗口大小50）
2025-10-18 20:52:57,349 - INFO - 
====== 训练最小二乘模型 ======
2025-10-18 20:52:57,350 - INFO - 最小二乘多项式特征配置：度数=4
2025-10-18 20:52:57,386 - INFO - Fx-最小二乘 训练误差：MSE=0.058126 (N²)，RMSE=0.241094 N，R²=0.477301
2025-10-18 20:52:57,405 - INFO - Fy-最小二乘 训练误差：MSE=0.043650 (N²)，RMSE=0.208925 N，R²=0.594463
2025-10-18 20:52:57,423 - INFO - Fz-最小二乘 训练误差：MSE=0.081902 (N²)，RMSE=0.286186 N，R²=0.965415
2025-10-18 20:52:57,423 - INFO - 最小二乘模型训练完成
2025-10-18 20:52:57,423 - INFO - 
====== 训练MLP模型 ======
2025-10-18 20:52:57,423 - INFO - MLP模型配置：
2025-10-18 20:52:57,423 - INFO -   输入层维度：4（传感器数量）
2025-10-18 20:52:57,423 - INFO -   隐藏层数量：3层
2025-10-18 20:52:57,423 - INFO -   各层神经元数：(40, 20, 10)
2025-10-18 20:52:57,424 - INFO -   输出层维度：1（单个力分量）
2025-10-18 20:52:57,424 - INFO -   训练参数：epochs=300，batch_size=512，学习率=0.001
2025-10-18 20:53:07,573 - INFO -   Fx MLP：轮次10/300，标准化MSE=0.190700
2025-10-18 20:53:16,793 - INFO -   Fx MLP：轮次20/300，标准化MSE=0.122315
2025-10-18 20:53:25,978 - INFO -   Fx MLP：轮次30/300，标准化MSE=0.100407
2025-10-18 20:53:35,139 - INFO -   Fx MLP：轮次40/300，标准化MSE=0.086649
2025-10-18 20:53:44,342 - INFO -   Fx MLP：轮次50/300，标准化MSE=0.078130
2025-10-18 20:53:53,513 - INFO -   Fx MLP：轮次60/300，标准化MSE=0.069951
2025-10-18 20:54:02,688 - INFO -   Fx MLP：轮次70/300，标准化MSE=0.064455
2025-10-18 20:54:11,861 - INFO -   Fx MLP：轮次80/300，标准化MSE=0.059582
2025-10-18 20:54:21,079 - INFO -   Fx MLP：轮次90/300，标准化MSE=0.056265
2025-10-18 20:54:30,279 - INFO -   Fx MLP：轮次100/300，标准化MSE=0.052064
2025-10-18 20:54:39,431 - INFO -   Fx MLP：轮次110/300，标准化MSE=0.050557
2025-10-18 20:54:48,597 - INFO -   Fx MLP：轮次120/300，标准化MSE=0.049493
2025-10-18 20:54:57,777 - INFO -   Fx MLP：轮次130/300，标准化MSE=0.047001
2025-10-18 20:55:06,943 - INFO -   Fx MLP：轮次140/300，标准化MSE=0.045094
2025-10-18 20:55:16,159 - INFO -   Fx MLP：轮次150/300，标准化MSE=0.043652
2025-10-18 20:55:25,355 - INFO -   Fx MLP：轮次160/300，标准化MSE=0.043368
2025-10-18 20:55:34,550 - INFO -   Fx MLP：轮次170/300，标准化MSE=0.042102
2025-10-18 20:55:43,704 - INFO -   Fx MLP：轮次180/300，标准化MSE=0.040584
2025-10-18 20:55:52,862 - INFO -   Fx MLP：轮次190/300，标准化MSE=0.039687
2025-10-18 20:56:02,056 - INFO -   Fx MLP：轮次200/300，标准化MSE=0.039195
2025-10-18 20:56:11,210 - INFO -   Fx MLP：轮次210/300，标准化MSE=0.039707
2025-10-18 20:56:20,372 - INFO -   Fx MLP：轮次220/300，标准化MSE=0.039543
2025-10-18 20:56:29,552 - INFO -   Fx MLP：轮次230/300，标准化MSE=0.038176
2025-10-18 20:56:38,782 - INFO -   Fx MLP：轮次240/300，标准化MSE=0.036612
2025-10-18 20:56:47,959 - INFO -   Fx MLP：轮次250/300，标准化MSE=0.036262
2025-10-18 20:56:57,144 - INFO -   Fx MLP：轮次260/300，标准化MSE=0.035892
2025-10-18 20:57:06,338 - INFO -   Fx MLP：轮次270/300，标准化MSE=0.035518
2025-10-18 20:57:15,532 - INFO -   Fx MLP：轮次280/300，标准化MSE=0.035012
2025-10-18 20:57:24,779 - INFO -   Fx MLP：轮次290/300，标准化MSE=0.034073
2025-10-18 20:57:33,974 - INFO -   Fx MLP：轮次300/300，标准化MSE=0.034445
2025-10-18 20:57:33,991 - INFO - Fx-MLP 训练误差：MSE=0.003876 (N²)，RMSE=0.062256 N，R²=0.965146
2025-10-18 20:57:43,248 - INFO -   Fy MLP：轮次10/300，标准化MSE=0.181002
2025-10-18 20:57:52,414 - INFO -   Fy MLP：轮次20/300，标准化MSE=0.119165
2025-10-18 20:58:01,586 - INFO -   Fy MLP：轮次30/300，标准化MSE=0.088189
2025-10-18 20:58:10,767 - INFO -   Fy MLP：轮次40/300，标准化MSE=0.076717
2025-10-18 20:58:19,959 - INFO -   Fy MLP：轮次50/300，标准化MSE=0.069606
2025-10-18 20:58:29,119 - INFO -   Fy MLP：轮次60/300，标准化MSE=0.065234
2025-10-18 20:58:38,264 - INFO -   Fy MLP：轮次70/300，标准化MSE=0.062266
2025-10-18 20:58:47,435 - INFO -   Fy MLP：轮次80/300，标准化MSE=0.059428
2025-10-18 20:58:56,603 - INFO -   Fy MLP：轮次90/300，标准化MSE=0.057667
2025-10-18 20:59:05,765 - INFO -   Fy MLP：轮次100/300，标准化MSE=0.056704
2025-10-18 20:59:14,943 - INFO -   Fy MLP：轮次110/300，标准化MSE=0.054798
2025-10-18 20:59:24,112 - INFO -   Fy MLP：轮次120/300，标准化MSE=0.053439
2025-10-18 20:59:33,319 - INFO -   Fy MLP：轮次130/300，标准化MSE=0.052080
2025-10-18 20:59:42,479 - INFO -   Fy MLP：轮次140/300，标准化MSE=0.049991
2025-10-18 20:59:51,681 - INFO -   Fy MLP：轮次150/300，标准化MSE=0.049422
2025-10-18 21:00:00,917 - INFO -   Fy MLP：轮次160/300，标准化MSE=0.049084
2025-10-18 21:00:10,073 - INFO -   Fy MLP：轮次170/300，标准化MSE=0.047472
2025-10-18 21:00:19,258 - INFO -   Fy MLP：轮次180/300，标准化MSE=0.047816
2025-10-18 21:00:28,421 - INFO -   Fy MLP：轮次190/300，标准化MSE=0.046214
2025-10-18 21:00:37,622 - INFO -   Fy MLP：轮次200/300，标准化MSE=0.045737
2025-10-18 21:00:46,814 - INFO -   Fy MLP：轮次210/300，标准化MSE=0.045154
2025-10-18 21:00:55,989 - INFO -   Fy MLP：轮次220/300，标准化MSE=0.044820
2025-10-18 21:01:05,147 - INFO -   Fy MLP：轮次230/300，标准化MSE=0.044680
2025-10-18 21:01:14,380 - INFO -   Fy MLP：轮次240/300，标准化MSE=0.043813
2025-10-18 21:01:23,535 - INFO -   Fy MLP：轮次250/300，标准化MSE=0.043791
2025-10-18 21:01:32,703 - INFO -   Fy MLP：轮次260/300，标准化MSE=0.042907
2025-10-18 21:01:41,865 - INFO -   Fy MLP：轮次270/300，标准化MSE=0.043068
2025-10-18 21:01:51,009 - INFO -   Fy MLP：轮次280/300，标准化MSE=0.042122
2025-10-18 21:02:00,147 - INFO -   Fy MLP：轮次290/300，标准化MSE=0.041978
2025-10-18 21:02:09,330 - INFO -   Fy MLP：轮次300/300，标准化MSE=0.041924
2025-10-18 21:02:09,344 - INFO - Fy-MLP 训练误差：MSE=0.004747 (N²)，RMSE=0.068901 N，R²=0.955894
2025-10-18 21:02:18,554 - INFO -   Fz MLP：轮次10/300，标准化MSE=0.013772
2025-10-18 21:02:27,664 - INFO -   Fz MLP：轮次20/300，标准化MSE=0.011739
2025-10-18 21:02:36,795 - INFO -   Fz MLP：轮次30/300，标准化MSE=0.010370
2025-10-18 21:02:45,947 - INFO -   Fz MLP：轮次40/300，标准化MSE=0.009664
2025-10-18 21:02:55,157 - INFO -   Fz MLP：轮次50/300，标准化MSE=0.009030
2025-10-18 21:03:04,300 - INFO -   Fz MLP：轮次60/300，标准化MSE=0.008737
2025-10-18 21:03:13,452 - INFO -   Fz MLP：轮次70/300，标准化MSE=0.008489
2025-10-18 21:03:22,582 - INFO -   Fz MLP：轮次80/300，标准化MSE=0.008230
2025-10-18 21:03:31,752 - INFO -   Fz MLP：轮次90/300，标准化MSE=0.008034
2025-10-18 21:03:40,872 - INFO -   Fz MLP：轮次100/300，标准化MSE=0.007770
2025-10-18 21:03:49,991 - INFO -   Fz MLP：轮次110/300，标准化MSE=0.007725
2025-10-18 21:03:59,147 - INFO -   Fz MLP：轮次120/300，标准化MSE=0.007531
2025-10-18 21:04:08,293 - INFO -   Fz MLP：轮次130/300，标准化MSE=0.007465
2025-10-18 21:04:17,464 - INFO -   Fz MLP：轮次140/300，标准化MSE=0.007377
2025-10-18 21:04:26,592 - INFO -   Fz MLP：轮次150/300，标准化MSE=0.007220
2025-10-18 21:04:35,762 - INFO -   Fz MLP：轮次160/300，标准化MSE=0.007181
2025-10-18 21:04:44,900 - INFO -   Fz MLP：轮次170/300，标准化MSE=0.007210
2025-10-18 21:04:54,042 - INFO -   Fz MLP：轮次180/300，标准化MSE=0.007134
2025-10-18 21:05:03,170 - INFO -   Fz MLP：轮次190/300，标准化MSE=0.007066
2025-10-18 21:05:12,334 - INFO -   Fz MLP：轮次200/300，标准化MSE=0.006968
2025-10-18 21:05:21,547 - INFO -   Fz MLP：轮次210/300，标准化MSE=0.006792
2025-10-18 21:05:30,745 - INFO -   Fz MLP：轮次220/300，标准化MSE=0.006751
2025-10-18 21:05:39,889 - INFO -   Fz MLP：轮次230/300，标准化MSE=0.006654
2025-10-18 21:05:49,067 - INFO -   Fz MLP：轮次240/300，标准化MSE=0.006649
2025-10-18 21:05:58,204 - INFO -   Fz MLP：轮次250/300，标准化MSE=0.006496
2025-10-18 21:06:07,333 - INFO -   Fz MLP：轮次260/300，标准化MSE=0.006571
2025-10-18 21:06:16,456 - INFO -   Fz MLP：轮次270/300，标准化MSE=0.006456
2025-10-18 21:06:25,610 - INFO -   Fz MLP：轮次280/300，标准化MSE=0.006432
2025-10-18 21:06:34,748 - INFO -   Fz MLP：轮次290/300，标准化MSE=0.006385
2025-10-18 21:06:43,880 - INFO -   Fz MLP：轮次300/300，标准化MSE=0.006306
2025-10-18 21:06:43,893 - INFO - Fz-MLP 训练误差：MSE=0.014791 (N²)，RMSE=0.121618 N，R²=0.993754
2025-10-18 21:06:43,893 - INFO - MLP模型训练完成
2025-10-18 21:06:43,894 - INFO - 
====== 训练LSTM模型 ======
2025-10-18 21:06:43,894 - INFO - LSTM模型配置：
2025-10-18 21:06:43,894 - INFO -   时序窗口长度：50（对应50ms，采样率1000Hz）
2025-10-18 21:06:43,894 - INFO -   输入层维度：4（传感器数量）
2025-10-18 21:06:43,894 - INFO -   LSTM层数：2层
2025-10-18 21:06:43,894 - INFO -   隐藏层维度：64
2025-10-18 21:06:43,895 - INFO -   输出层维度：1（单个力分量）
2025-10-18 21:06:43,895 - INFO -   训练参数：epochs=200，batch_size=128，学习率=0.0001
2025-10-18 21:07:07,572 - INFO -   Fx LSTM：轮次10/200，标准化MSE=0.179627
2025-10-18 21:07:31,210 - INFO -   Fx LSTM：轮次20/200，标准化MSE=0.046123
2025-10-18 21:07:54,813 - INFO -   Fx LSTM：轮次30/200，标准化MSE=0.038398
2025-10-18 21:08:18,448 - INFO -   Fx LSTM：轮次40/200，标准化MSE=0.062082
2025-10-18 21:08:42,111 - INFO -   Fx LSTM：轮次50/200，标准化MSE=0.013301
2025-10-18 21:09:05,741 - INFO -   Fx LSTM：轮次60/200，标准化MSE=0.013124
2025-10-18 21:09:29,456 - INFO -   Fx LSTM：轮次70/200，标准化MSE=0.008729
2025-10-18 21:09:53,120 - INFO -   Fx LSTM：轮次80/200，标准化MSE=0.007426
2025-10-18 21:10:16,726 - INFO -   Fx LSTM：轮次90/200，标准化MSE=0.011903
2025-10-18 21:10:40,398 - INFO -   Fx LSTM：轮次100/200，标准化MSE=0.006082
2025-10-18 21:11:04,109 - INFO -   Fx LSTM：轮次110/200，标准化MSE=0.010536
2025-10-18 21:11:28,253 - INFO -   Fx LSTM：轮次120/200，标准化MSE=0.004248
2025-10-18 21:11:52,302 - INFO -   Fx LSTM：轮次130/200，标准化MSE=0.004752
2025-10-18 21:12:16,150 - INFO -   Fx LSTM：轮次140/200，标准化MSE=0.003857
2025-10-18 21:12:39,844 - INFO -   Fx LSTM：轮次150/200，标准化MSE=0.004015
2025-10-18 21:13:03,448 - INFO -   Fx LSTM：轮次160/200，标准化MSE=0.004272
2025-10-18 21:13:27,088 - INFO -   Fx LSTM：轮次170/200，标准化MSE=0.004041
2025-10-18 21:13:50,700 - INFO -   Fx LSTM：轮次180/200，标准化MSE=0.002897
2025-10-18 21:14:14,915 - INFO -   Fx LSTM：轮次190/200，标准化MSE=0.003245
2025-10-18 21:14:38,600 - INFO -   Fx LSTM：轮次200/200，标准化MSE=0.002827
2025-10-18 21:14:38,600 - INFO -   Fx LSTM：开始分批次计算训练误差
2025-10-18 21:14:39,406 - INFO - Fx-LSTM 训练误差：MSE=0.000295 (N²)，RMSE=0.017164 N，R²=0.997351
2025-10-18 21:15:04,191 - INFO -   Fy LSTM：轮次10/200，标准化MSE=0.105742
2025-10-18 21:15:28,176 - INFO -   Fy LSTM：轮次20/200，标准化MSE=0.051671
2025-10-18 21:15:52,600 - INFO -   Fy LSTM：轮次30/200，标准化MSE=0.025383
2025-10-18 21:16:16,319 - INFO -   Fy LSTM：轮次40/200，标准化MSE=0.019183
2025-10-18 21:16:40,701 - INFO -   Fy LSTM：轮次50/200，标准化MSE=0.016546
2025-10-18 21:17:04,783 - INFO -   Fy LSTM：轮次60/200，标准化MSE=0.009218
2025-10-18 21:17:28,513 - INFO -   Fy LSTM：轮次70/200，标准化MSE=0.006963
2025-10-18 21:17:52,232 - INFO -   Fy LSTM：轮次80/200，标准化MSE=0.007525
2025-10-18 21:18:15,928 - INFO -   Fy LSTM：轮次90/200，标准化MSE=0.004089
2025-10-18 21:18:39,657 - INFO -   Fy LSTM：轮次100/200，标准化MSE=0.005991
2025-10-18 21:19:03,344 - INFO -   Fy LSTM：轮次110/200，标准化MSE=0.004351
2025-10-18 21:19:27,072 - INFO -   Fy LSTM：轮次120/200，标准化MSE=0.003824
2025-10-18 21:19:50,990 - INFO -   Fy LSTM：轮次130/200，标准化MSE=0.003473
2025-10-18 21:20:15,154 - INFO -   Fy LSTM：轮次140/200，标准化MSE=0.004764
2025-10-18 21:20:39,020 - INFO -   Fy LSTM：轮次150/200，标准化MSE=0.003736
2025-10-18 21:21:02,813 - INFO -   Fy LSTM：轮次160/200，标准化MSE=0.002520
2025-10-18 21:21:26,580 - INFO -   Fy LSTM：轮次170/200，标准化MSE=0.003720
2025-10-18 21:21:50,295 - INFO -   Fy LSTM：轮次180/200，标准化MSE=0.003209
2025-10-18 21:22:13,993 - INFO -   Fy LSTM：轮次190/200，标准化MSE=0.002554
2025-10-18 21:22:37,677 - INFO -   Fy LSTM：轮次200/200，标准化MSE=0.001858
2025-10-18 21:22:37,677 - INFO -   Fy LSTM：开始分批次计算训练误差
2025-10-18 21:22:38,494 - INFO - Fy-LSTM 训练误差：MSE=0.000175 (N²)，RMSE=0.013212 N，R²=0.998379
2025-10-18 21:23:02,720 - INFO -   Fz LSTM：轮次10/200，标准化MSE=0.008438
2025-10-18 21:23:26,356 - INFO -   Fz LSTM：轮次20/200，标准化MSE=0.003458
2025-10-18 21:23:49,991 - INFO -   Fz LSTM：轮次30/200，标准化MSE=0.002644
2025-10-18 21:24:13,668 - INFO -   Fz LSTM：轮次40/200，标准化MSE=0.001941
2025-10-18 21:24:37,387 - INFO -   Fz LSTM：轮次50/200，标准化MSE=0.001757
2025-10-18 21:25:00,972 - INFO -   Fz LSTM：轮次60/200，标准化MSE=0.001307
2025-10-18 21:25:24,652 - INFO -   Fz LSTM：轮次70/200，标准化MSE=0.001095
2025-10-18 21:25:48,353 - INFO -   Fz LSTM：轮次80/200，标准化MSE=0.000965
2025-10-18 21:26:12,016 - INFO -   Fz LSTM：轮次90/200，标准化MSE=0.000849
2025-10-18 21:26:35,704 - INFO -   Fz LSTM：轮次100/200，标准化MSE=0.000758
2025-10-18 21:26:59,301 - INFO -   Fz LSTM：轮次110/200，标准化MSE=0.000615
2025-10-18 21:27:22,912 - INFO -   Fz LSTM：轮次120/200，标准化MSE=0.000758
2025-10-18 21:27:46,504 - INFO -   Fz LSTM：轮次130/200，标准化MSE=0.000541
2025-10-18 21:28:10,115 - INFO -   Fz LSTM：轮次140/200，标准化MSE=0.000444
2025-10-18 21:28:33,745 - INFO -   Fz LSTM：轮次150/200，标准化MSE=0.000444
2025-10-18 21:28:57,333 - INFO -   Fz LSTM：轮次160/200，标准化MSE=0.000473
2025-10-18 21:29:20,934 - INFO -   Fz LSTM：轮次170/200，标准化MSE=0.000378
2025-10-18 21:29:44,583 - INFO -   Fz LSTM：轮次180/200，标准化MSE=0.000427
2025-10-18 21:30:08,201 - INFO -   Fz LSTM：轮次190/200，标准化MSE=0.000446
2025-10-18 21:30:31,811 - INFO -   Fz LSTM：轮次200/200，标准化MSE=0.000375
2025-10-18 21:30:31,812 - INFO -   Fz LSTM：开始分批次计算训练误差
2025-10-18 21:30:32,603 - INFO - Fz-LSTM 训练误差：MSE=0.000788 (N²)，RMSE=0.028079 N，R²=0.999667
2025-10-18 21:30:32,604 - INFO - LSTM模型训练完成
2025-10-18 21:30:32,618 - INFO - MLP模型保存完成：force_models_20251018_205256\mlp_models
2025-10-18 21:30:32,621 - INFO - LSTM模型保存完成：force_models_20251018_205256\lstm_models
2025-10-18 21:30:32,622 - INFO - 最小二乘系数保存完成：sensor_calibration_raw.json
2025-10-18 21:30:32,622 - INFO - 
====== 训练模式：全局预测与误差对比 ======
2025-10-18 21:30:41,101 - INFO - 最小二乘预测完成：平均时间0.0429ms（多项式度数4）
2025-10-18 21:30:41,149 - INFO - MLP预测完成：平均时间0.0002ms
2025-10-18 21:30:41,318 - INFO - LSTM分批次预测：批次大小=128，总序列数=197817
2025-10-18 21:30:44,184 - INFO - LSTM预测完成：平均时间0.0153ms（时序窗口50，批次128）
2025-10-18 21:30:44,209 - INFO - 
Fx-最小二乘：MSE=0.058126 (N²)，RMSE=0.241094 N，R²=0.477301
2025-10-18 21:30:44,217 - INFO - 
Fy-最小二乘：MSE=0.043650 (N²)，RMSE=0.208925 N，R²=0.594463
2025-10-18 21:30:44,225 - INFO - 
Fz-最小二乘：MSE=0.081902 (N²)，RMSE=0.286186 N，R²=0.965415
2025-10-18 21:30:44,233 - INFO - 
Fx-MLP：MSE=0.003876 (N²)，RMSE=0.062256 N，R²=0.965146
2025-10-18 21:30:44,241 - INFO - 
Fy-MLP：MSE=0.004747 (N²)，RMSE=0.068901 N，R²=0.955894
2025-10-18 21:30:44,249 - INFO - 
Fz-MLP：MSE=0.014791 (N²)，RMSE=0.121618 N，R²=0.993754
2025-10-18 21:30:44,257 - INFO - 
Fx-LSTM：MSE=0.000295 (N²)，RMSE=0.017167 N，R²=0.997350
2025-10-18 21:30:44,265 - INFO - 
Fy-LSTM：MSE=0.000175 (N²)，RMSE=0.013211 N，R²=0.998378
2025-10-18 21:30:44,273 - INFO - 
Fz-LSTM：MSE=0.000788 (N²)，RMSE=0.028078 N，R²=0.999667
2025-10-18 21:30:44,273 - INFO - 
====== 预测时间对比 ======
2025-10-18 21:30:44,273 - INFO - 最小二乘：平均单次预测时间=42851纳秒（0.0429ms）
2025-10-18 21:30:44,273 - INFO - MLP：平均单次预测时间=245纳秒（0.0002ms）
2025-10-18 21:30:44,274 - INFO - LSTM：平均单次预测时间=15339纳秒（0.0153ms）
2025-10-18 21:30:45,782 - INFO - 时序对比图保存完成：force_time_contrast.png
2025-10-18 22:07:57,402 - INFO - 散点对比图保存完成：force_scatter_contrast.png
2025-10-18 22:08:29,422 - INFO - 
====== 训练模式完成！所有结果保存至：force_models_20251018_205256 ======
